(malloc) failed to allocate 32744 bytes for ChunkPool::allocate
# Possible reasons:
#   The system is out of physical RAM or swap space
#   In 32 bit mode, the process size limit was hit
# Possible solutions:
#   Reduce memory load on the system
#   Increase physical memory or swap space
#   Check if swap backing store is full
#   Use 64 bit Java on a 64 bit OS
#   Decrease Java heap size (-Xmx/-Xms)
#   Decrease number of Java threads
#   Decrease Java thread stack sizes (-Xss)
#   Set larger code cache with -XX:ReservedCodeCacheSize=
# This output file may be truncated or incomplete.
#
#  Out of Memory Error (allocation.cpp:273), pid=15296, tid=0x0000000000001c24
#
# JRE version: Java(TM) SE Runtime Environment (8.0_101-b13) (build 1.8.0_101-b13)
# Java VM: Java HotSpot(TM) 64-Bit Server VM (25.101-b13 mixed mode windows-amd64 compressed oops)
# Failed to write core dump. Minidumps are not enabled by default on client versions of Windows
#

---------------  T H R E A D  ---------------

Current thread (0x0000000057f81000):  JavaThread "C2 CompilerThread1" daemon [_thread_in_native, id=7204, stack(0x00000000592d0000,0x00000000593d0000)]

Stack: [0x00000000592d0000,0x00000000593d0000]
[error occurred during error reporting (printing stack bounds), id 0xc0000005]

Native frames: (J=compiled Java code, j=interpreted, Vv=VM code, C=native code)


Current CompileTask:
C2: 390049 16715       4       org.gradle.cache.internal.btree.FreeListBlockStore::read (12 bytes)


---------------  P R O C E S S  ---------------

Java Threads: ( => current thread )
  0x000000005c535800 JavaThread "stdout" daemon [_thread_in_native, id=10864, stack(0x0000000070640000,0x0000000070740000)]
  0x000000005c535000 JavaThread "stderr" daemon [_thread_in_native, id=5280, stack(0x0000000070460000,0x0000000070560000)]
  0x000000005c534000 JavaThread "stdout" daemon [_thread_in_native, id=11108, stack(0x000000006ea80000,0x000000006eb80000)]
  0x000000005c533800 JavaThread "stderr" daemon [_thread_in_native, id=12492, stack(0x000000006f420000,0x000000006f520000)]
  0x000000005d839800 JavaThread "stdout" daemon [_thread_in_native, id=11120, stack(0x0000000070230000,0x0000000070330000)]
  0x000000005d839000 JavaThread "stderr" daemon [_thread_in_native, id=6752, stack(0x0000000070070000,0x0000000070170000)]
  0x000000005d837800 JavaThread "stdout" daemon [_thread_in_native, id=5972, stack(0x000000006f300000,0x000000006f400000)]
  0x000000005d836800 JavaThread "stderr" daemon [_thread_in_native, id=6572, stack(0x000000006f160000,0x000000006f260000)]
  0x000000005d836000 JavaThread "stdout" daemon [_thread_in_native, id=9988, stack(0x000000006f050000,0x000000006f150000)]
  0x000000005d835000 JavaThread "stderr" daemon [_thread_in_native, id=12444, stack(0x000000006ee40000,0x000000006ef40000)]
  0x000000005d834800 JavaThread "stdout" daemon [_thread_in_native, id=11124, stack(0x000000006d7b0000,0x000000006d8b0000)]
  0x000000005d833800 JavaThread "stderr" daemon [_thread_in_native, id=11624, stack(0x000000006ed40000,0x000000006ee40000)]
  0x000000005d833000 JavaThread "stdout" daemon [_thread_in_native, id=14468, stack(0x000000006eb80000,0x000000006ec80000)]
  0x0000000060792000 JavaThread "stderr" daemon [_thread_in_native, id=11824, stack(0x000000006e980000,0x000000006ea80000)]
  0x0000000060791000 JavaThread "stdout" daemon [_thread_in_native, id=8956, stack(0x000000006e860000,0x000000006e960000)]
  0x0000000060790800 JavaThread "stderr" daemon [_thread_in_native, id=12732, stack(0x000000006e760000,0x000000006e860000)]
  0x000000006078f800 JavaThread "stdout" daemon [_thread_in_native, id=5736, stack(0x000000006e5a0000,0x000000006e6a0000)]
  0x000000006078f000 JavaThread "stderr" daemon [_thread_in_native, id=7340, stack(0x000000006e250000,0x000000006e350000)]
  0x000000006078e000 JavaThread "stdout" daemon [_thread_in_native, id=8228, stack(0x000000006e460000,0x000000006e560000)]
  0x000000006078d800 JavaThread "stderr" daemon [_thread_in_native, id=14672, stack(0x00000000684e0000,0x00000000685e0000)]
  0x000000006078c800 JavaThread "stdout" daemon [_thread_in_native, id=504, stack(0x000000006e360000,0x000000006e460000)]
  0x000000006078c000 JavaThread "stderr" daemon [_thread_in_native, id=6432, stack(0x000000006e0d0000,0x000000006e1d0000)]
  0x000000006078b000 JavaThread "stdout" daemon [_thread_in_native, id=12992, stack(0x000000006dfa0000,0x000000006e0a0000)]
  0x000000005a2f8800 JavaThread "stderr" daemon [_thread_in_native, id=13404, stack(0x000000006de60000,0x000000006df60000)]
  0x000000005a2f8000 JavaThread "stdout" daemon [_thread_in_native, id=15028, stack(0x000000006dd50000,0x000000006de50000)]
  0x000000005a2f7000 JavaThread "stderr" daemon [_thread_in_native, id=10976, stack(0x000000006db40000,0x000000006dc40000)]
  0x000000005a2f6000 JavaThread "stdout" daemon [_thread_in_native, id=6972, stack(0x000000006dc40000,0x000000006dd40000)]
  0x000000005a2f5800 JavaThread "stderr" daemon [_thread_in_native, id=14156, stack(0x000000006d9c0000,0x000000006dac0000)]
  0x000000005a2f4800 JavaThread "stdout" daemon [_thread_in_native, id=13092, stack(0x000000006d8b0000,0x000000006d9b0000)]
  0x000000005a2f4000 JavaThread "stderr" daemon [_thread_in_native, id=8720, stack(0x000000006d690000,0x000000006d790000)]
  0x000000005a2f3000 JavaThread "stdout" daemon [_thread_in_native, id=13888, stack(0x000000006d520000,0x000000006d620000)]
  0x000000005a2f2800 JavaThread "stderr" daemon [_thread_in_native, id=13396, stack(0x000000006d320000,0x000000006d420000)]
  0x000000005a2f1800 JavaThread "stdout" daemon [_thread_in_native, id=5888, stack(0x000000006cb20000,0x000000006cc20000)]
  0x000000005c92f000 JavaThread "stderr" daemon [_thread_in_native, id=4344, stack(0x000000005bda0000,0x000000005bea0000)]
  0x000000005c92e000 JavaThread "stdout" daemon [_thread_in_native, id=8252, stack(0x000000006d140000,0x000000006d240000)]
  0x000000005c92d800 JavaThread "stderr" daemon [_thread_in_native, id=13132, stack(0x000000006cfb0000,0x000000006d0b0000)]
  0x000000005c92c800 JavaThread "stdout" daemon [_thread_in_native, id=12736, stack(0x000000006ce40000,0x000000006cf40000)]
  0x000000005c92c000 JavaThread "stderr" daemon [_thread_in_native, id=10392, stack(0x000000006cca0000,0x000000006cda0000)]
  0x000000005c92b000 JavaThread "stdout" daemon [_thread_in_native, id=15244, stack(0x000000006ca00000,0x000000006cb00000)]
  0x000000005c92a800 JavaThread "stderr" daemon [_thread_in_native, id=12900, stack(0x000000006c900000,0x000000006ca00000)]
  0x000000005c929800 JavaThread "png-cruncher_20" daemon [_thread_blocked, id=11668, stack(0x000000006c750000,0x000000006c850000)]
  0x000000005c929000 JavaThread "png-cruncher_19" daemon [_thread_blocked, id=13892, stack(0x000000006bcc0000,0x000000006bdc0000)]
  0x000000005c928000 JavaThread "png-cruncher_18" daemon [_thread_blocked, id=12940, stack(0x000000006c4c0000,0x000000006c5c0000)]
  0x000000005c68e000 JavaThread "png-cruncher_17" daemon [_thread_blocked, id=4328, stack(0x000000006c5d0000,0x000000006c6d0000)]
  0x000000005c690000 JavaThread "png-cruncher_16" daemon [_thread_blocked, id=14624, stack(0x000000006c360000,0x000000006c460000)]
  0x000000005c68f800 JavaThread "png-cruncher_15" daemon [_thread_blocked, id=14128, stack(0x000000006c170000,0x000000006c270000)]
  0x000000005c68e800 JavaThread "png-cruncher_14" daemon [_thread_blocked, id=11360, stack(0x000000006bfb0000,0x000000006c0b0000)]
  0x000000005c68b000 JavaThread "png-cruncher_13" daemon [_thread_blocked, id=13520, stack(0x000000006bdc0000,0x000000006bec0000)]
  0x000000005c68b800 JavaThread "png-cruncher_12" daemon [_thread_blocked, id=14448, stack(0x000000006b8f0000,0x000000006b9f0000)]
  0x000000005c68c800 JavaThread "png-cruncher_11" daemon [_thread_blocked, id=12080, stack(0x000000006bba0000,0x000000006bca0000)]
  0x000000005e0c7000 JavaThread "png-cruncher_10" daemon [_thread_blocked, id=14836, stack(0x000000006ba20000,0x000000006bb20000)]
  0x000000005e0cd000 JavaThread "png-cruncher_9" daemon [_thread_blocked, id=6228, stack(0x000000006b7c0000,0x000000006b8c0000)]
  0x000000005e0ca800 JavaThread "png-cruncher_8" daemon [_thread_blocked, id=14116, stack(0x000000006b4c0000,0x000000006b5c0000)]
  0x000000005e0cc000 JavaThread "png-cruncher_7" daemon [_thread_blocked, id=7896, stack(0x000000006b600000,0x000000006b700000)]
  0x000000005e0c7800 JavaThread "png-cruncher_6" daemon [_thread_blocked, id=2880, stack(0x000000006aab0000,0x000000006abb0000)]
  0x000000005e0ca000 JavaThread "png-cruncher_5" daemon [_thread_blocked, id=8660, stack(0x000000006b110000,0x000000006b210000)]
  0x000000005e0c9000 JavaThread "png-cruncher_4" daemon [_thread_blocked, id=11376, stack(0x000000006a300000,0x000000006a400000)]
  0x000000005e0c6000 JavaThread "png-cruncher_3" daemon [_thread_blocked, id=9956, stack(0x000000006afd0000,0x000000006b0d0000)]
  0x000000005e0cb800 JavaThread "png-cruncher_2" daemon [_thread_blocked, id=14080, stack(0x000000006a0a0000,0x000000006a1a0000)]
  0x000000005d208800 JavaThread "png-cruncher_1" daemon [_thread_blocked, id=13416, stack(0x000000006aeb0000,0x000000006afb0000)]
  0x000000005d20d800 JavaThread "pool-113-thread-4" [_thread_blocked, id=10448, stack(0x000000006ad40000,0x000000006ae40000)]
  0x000000005d20b800 JavaThread "pool-113-thread-3" [_thread_blocked, id=6984, stack(0x000000006abb0000,0x000000006acb0000)]
  0x000000005d209000 JavaThread "pool-113-thread-2" [_thread_blocked, id=13412, stack(0x000000005ba00000,0x000000005bb00000)]
  0x000000005d207800 JavaThread "pool-113-thread-1" [_thread_blocked, id=12380, stack(0x000000006a560000,0x000000006a660000)]
  0x000000005d20d000 JavaThread "Stdin handler" [_thread_blocked, id=8264, stack(0x000000005c100000,0x000000005c200000)]
  0x0000000057f82800 JavaThread "Asynchronous log dispatcher for org.gradle.launcher.daemon.server.DefaultDaemonConnection@dae351d" [_thread_blocked, id=8492, stack(0x000000005fd40000,0x000000005fe40000)]
  0x0000000057f8a000 JavaThread "Cancel handler" [_thread_blocked, id=6588, stack(0x000000005beb0000,0x000000005bfb0000)]
  0x0000000057f89800 JavaThread "Handler for socket connection from /127.0.0.1:52425 to /127.0.0.1:52823" [_thread_in_native, id=4424, stack(0x000000005bca0000,0x000000005bda0000)]
  0x0000000057f8b000 JavaThread "Daemon worker Thread 3" [_thread_in_native, id=13844, stack(0x000000005bfe0000,0x000000005c0e0000)]
  0x0000000057f8b800 JavaThread "Daemon Thread 3" [_thread_blocked, id=12012, stack(0x000000005bb00000,0x000000005bc00000)]
  0x000000005c68a000 JavaThread "pool-9-thread-4" [_thread_blocked, id=9464, stack(0x000000006a400000,0x000000006a500000)]
  0x000000005c689800 JavaThread "pool-9-thread-3" [_thread_blocked, id=11788, stack(0x000000006a1d0000,0x000000006a2d0000)]
  0x000000005af3c800 JavaThread "pool-9-thread-1" [_thread_blocked, id=9736, stack(0x0000000067e60000,0x0000000067f60000)]
  0x000000005e36f800 JavaThread "pool-9-thread-2" [_thread_blocked, id=8480, stack(0x0000000068ae0000,0x0000000068be0000)]
  0x000000005af3b800 JavaThread "stdout" daemon [_thread_in_native, id=13436, stack(0x0000000067f70000,0x0000000068070000)]
  0x000000005af3b000 JavaThread "stderr" daemon [_thread_in_native, id=14696, stack(0x00000000693a0000,0x00000000694a0000)]
  0x000000005af3a000 JavaThread "stdout" daemon [_thread_in_native, id=6764, stack(0x0000000069250000,0x0000000069350000)]
  0x000000005af39800 JavaThread "stderr" daemon [_thread_in_native, id=13544, stack(0x0000000069130000,0x0000000069230000)]
  0x000000005af38800 JavaThread "stdout" daemon [_thread_in_native, id=13288, stack(0x0000000068f40000,0x0000000069040000)]
  0x000000005af38000 JavaThread "stderr" daemon [_thread_in_native, id=14404, stack(0x0000000068e20000,0x0000000068f20000)]
  0x000000005af37000 JavaThread "stdout" daemon [_thread_in_native, id=13684, stack(0x0000000068c30000,0x0000000068d30000)]
  0x000000005af36800 JavaThread "stderr" daemon [_thread_in_native, id=9984, stack(0x00000000689e0000,0x0000000068ae0000)]
  0x000000005af35800 JavaThread "stdout" daemon [_thread_in_native, id=14392, stack(0x0000000068180000,0x0000000068280000)]
  0x000000005e375000 JavaThread "stderr" daemon [_thread_in_native, id=15272, stack(0x0000000068870000,0x0000000068970000)]
  0x000000005e374000 JavaThread "stdout" daemon [_thread_in_native, id=15036, stack(0x0000000068770000,0x0000000068870000)]
  0x000000005e373800 JavaThread "stderr" daemon [_thread_in_native, id=4868, stack(0x00000000685e0000,0x00000000686e0000)]
  0x000000005e372800 JavaThread "stdout" daemon [_thread_in_native, id=5424, stack(0x00000000683d0000,0x00000000684d0000)]
  0x000000005e372000 JavaThread "stderr" daemon [_thread_in_native, id=1492, stack(0x00000000682c0000,0x00000000683c0000)]
  0x000000005e371000 JavaThread "stdout" daemon [_thread_in_native, id=11416, stack(0x0000000067d10000,0x0000000067e10000)]
  0x000000005e370800 JavaThread "stderr" daemon [_thread_in_native, id=13940, stack(0x0000000068070000,0x0000000068170000)]
  0x000000005e36f000 JavaThread "stdout" daemon [_thread_in_native, id=14052, stack(0x0000000067be0000,0x0000000067ce0000)]
  0x000000005e36e000 JavaThread "stderr" daemon [_thread_in_native, id=6548, stack(0x00000000668b0000,0x00000000669b0000)]
  0x000000005c91f000 JavaThread "stdout" daemon [_thread_in_native, id=11004, stack(0x0000000067a10000,0x0000000067b10000)]
  0x000000005c91e000 JavaThread "stderr" daemon [_thread_in_native, id=12692, stack(0x00000000678e0000,0x00000000679e0000)]
  0x000000005c91d800 JavaThread "stdout" daemon [_thread_in_native, id=13208, stack(0x00000000677e0000,0x00000000678e0000)]
  0x000000005c91c800 JavaThread "stderr" daemon [_thread_in_native, id=14008, stack(0x00000000676b0000,0x00000000677b0000)]
  0x000000005c91c000 JavaThread "stdout" daemon [_thread_in_native, id=13492, stack(0x0000000067510000,0x0000000067610000)]
  0x000000005c91b000 JavaThread "stderr" daemon [_thread_in_native, id=9148, stack(0x00000000673d0000,0x00000000674d0000)]
  0x000000005c91a800 JavaThread "stdout" daemon [_thread_in_native, id=14848, stack(0x0000000067230000,0x0000000067330000)]
  0x000000005c919800 JavaThread "stderr" daemon [_thread_in_native, id=10408, stack(0x0000000067060000,0x0000000067160000)]
  0x000000005c918800 JavaThread "stdout" daemon [_thread_in_native, id=15304, stack(0x0000000066f00000,0x0000000067000000)]
  0x000000005c918000 JavaThread "stderr" daemon [_thread_in_native, id=14504, stack(0x0000000066d80000,0x0000000066e80000)]
  0x000000005defd000 JavaThread "png-cruncher_20" daemon [_thread_blocked, id=12780, stack(0x0000000066b90000,0x0000000066c90000)]
  0x000000005defc800 JavaThread "png-cruncher_19" daemon [_thread_blocked, id=13740, stack(0x00000000669f0000,0x0000000066af0000)]
  0x000000005defb800 JavaThread "png-cruncher_18" daemon [_thread_blocked, id=12696, stack(0x0000000066790000,0x0000000066890000)]
  0x000000005defb000 JavaThread "png-cruncher_17" daemon [_thread_blocked, id=13804, stack(0x0000000065a70000,0x0000000065b70000)]
  0x000000005defa000 JavaThread "png-cruncher_16" daemon [_thread_blocked, id=12392, stack(0x0000000066660000,0x0000000066760000)]
  0x000000005def9800 JavaThread "stdout" daemon [_thread_in_native, id=5472, stack(0x0000000066490000,0x0000000066590000)]
  0x000000005def8800 JavaThread "stderr" daemon [_thread_in_native, id=9980, stack(0x0000000065e40000,0x0000000065f40000)]
  0x000000005def8000 JavaThread "stdout" daemon [_thread_in_native, id=15168, stack(0x00000000662b0000,0x00000000663b0000)]
  0x000000005def7000 JavaThread "stderr" daemon [_thread_in_native, id=7424, stack(0x0000000066130000,0x0000000066230000)]
  0x000000005def6800 JavaThread "stdout" daemon [_thread_in_native, id=3288, stack(0x0000000065f60000,0x0000000066060000)]
  0x000000005afa7000 JavaThread "stderr" daemon [_thread_in_native, id=10196, stack(0x0000000065cf0000,0x0000000065df0000)]
  0x000000005afa6800 JavaThread "png-cruncher_15" daemon [_thread_blocked, id=15240, stack(0x0000000065b70000,0x0000000065c70000)]
  0x000000005afa5800 JavaThread "png-cruncher_14" daemon [_thread_blocked, id=14832, stack(0x0000000065940000,0x0000000065a40000)]
  0x000000005afa5000 JavaThread "png-cruncher_13" daemon [_thread_blocked, id=11948, stack(0x0000000065750000,0x0000000065850000)]
  0x000000005afa4000 JavaThread "png-cruncher_12" daemon [_thread_blocked, id=13424, stack(0x00000000654a0000,0x00000000655a0000)]
  0x000000005afa3800 JavaThread "png-cruncher_11" daemon [_thread_blocked, id=11892, stack(0x00000000655a0000,0x00000000656a0000)]
  0x000000005afa2800 JavaThread "stdout" daemon [_thread_in_native, id=13328, stack(0x0000000064eb0000,0x0000000064fb0000)]
  0x000000005afa2000 JavaThread "stderr" daemon [_thread_in_native, id=14200, stack(0x0000000065300000,0x0000000065400000)]
  0x000000005afa1000 JavaThread "png-cruncher_10" daemon [_thread_blocked, id=14324, stack(0x0000000063fc0000,0x00000000640c0000)]
  0x000000005afa0800 JavaThread "png-cruncher_9" daemon [_thread_blocked, id=12616, stack(0x0000000065180000,0x0000000065280000)]
  0x000000005cb01800 JavaThread "png-cruncher_8" daemon [_thread_blocked, id=13008, stack(0x0000000064fd0000,0x00000000650d0000)]
  0x000000005cb00800 JavaThread "png-cruncher_7" daemon [_thread_blocked, id=14660, stack(0x0000000064840000,0x0000000064940000)]
  0x000000005cb00000 JavaThread "png-cruncher_6" daemon [_thread_blocked, id=2884, stack(0x0000000064ab0000,0x0000000064bb0000)]
  0x000000005caff000 JavaThread "stdout" daemon [_thread_in_native, id=11704, stack(0x0000000064d50000,0x0000000064e50000)]
  0x000000005cafe800 JavaThread "stderr" daemon [_thread_in_native, id=8096, stack(0x0000000064bc0000,0x0000000064cc0000)]
  0x0000000057f90800 JavaThread "stdout" daemon [_thread_in_native, id=12484, stack(0x0000000064960000,0x0000000064a60000)]
  0x0000000057f8f800 JavaThread "stderr" daemon [_thread_in_native, id=1236, stack(0x0000000064740000,0x0000000064840000)]
  0x0000000057f8e800 JavaThread "png-cruncher_5" daemon [_thread_blocked, id=13164, stack(0x0000000064590000,0x0000000064690000)]
  0x0000000057f8e000 JavaThread "png-cruncher_4" daemon [_thread_blocked, id=14772, stack(0x00000000643d0000,0x00000000644d0000)]
  0x0000000057f8d000 JavaThread "png-cruncher_3" daemon [_thread_blocked, id=13408, stack(0x0000000064280000,0x0000000064380000)]
  0x0000000057f8c800 JavaThread "png-cruncher_2" daemon [_thread_blocked, id=13672, stack(0x00000000640f0000,0x00000000641f0000)]
  0x0000000057f83800 JavaThread "png-cruncher_1" daemon [_thread_blocked, id=8900, stack(0x0000000063ec0000,0x0000000063fc0000)]
  0x0000000057f86800 JavaThread "File lock request listener" [_thread_in_native, id=6976, stack(0x000000005eb70000,0x000000005ec70000)]
  0x000000005aba4000 JavaThread "Incoming local TCP Connector on port 52425" [_thread_in_native, id=11908, stack(0x000000005b5c0000,0x000000005b6c0000)]
  0x000000005a555800 JavaThread "pool-1-thread-1" [_thread_blocked, id=12544, stack(0x000000005b270000,0x000000005b370000)]
  0x0000000057ff9000 JavaThread "Service Thread" daemon [_thread_blocked, id=12796, stack(0x0000000058eb0000,0x0000000058fb0000)]
  0x0000000057f82000 JavaThread "C1 CompilerThread2" daemon [_thread_blocked, id=11020, stack(0x0000000059410000,0x0000000059510000)]
=>0x0000000057f81000 JavaThread "C2 CompilerThread1" daemon [_thread_in_native, id=7204, stack(0x00000000592d0000,0x00000000593d0000)]
  0x0000000057f7a000 JavaThread "C2 CompilerThread0" daemon [_thread_in_native, id=14732, stack(0x0000000059180000,0x0000000059280000)]
  0x0000000057f72800 JavaThread "Attach Listener" daemon [_thread_blocked, id=13700, stack(0x0000000059010000,0x0000000059110000)]
  0x0000000057f70000 JavaThread "Signal Dispatcher" daemon [_thread_blocked, id=1696, stack(0x0000000058d70000,0x0000000058e70000)]
  0x0000000057678000 JavaThread "Finalizer" daemon [_thread_blocked, id=14292, stack(0x0000000058c70000,0x0000000058d70000)]
  0x0000000057671000 JavaThread "Reference Handler" daemon [_thread_blocked, id=5788, stack(0x0000000058a10000,0x0000000058b10000)]
  0x0000000002502800 JavaThread "main" [_thread_blocked, id=12828, stack(0x0000000003af0000,0x0000000003bf0000)]

Other Threads:
  0x0000000057669800 VMThread [stack: 0x00000000588e0000,0x00000000589e0000] [id=14408]
  0x0000000058010800 WatcherThread [stack: 0x00000000596d0000,0x00000000597d0000] [id=13352]

VM state:not at safepoint (normal execution)

VM Mutex/Monitor currently owned by a thread: None

Heap:
 PSYoungGen      total 384512K, used 44903K [0x00000000e0000000, 0x00000000ff800000, 0x0000000100000000)
  eden space 261120K, 8% used [0x00000000e0000000,0x00000000e16b4ff8,0x00000000eff00000)
  from space 123392K, 17% used [0x00000000eff00000,0x00000000f1424ff8,0x00000000f7780000)
  to   space 117248K, 0% used [0x00000000f8580000,0x00000000f8580000,0x00000000ff800000)
 ParOldGen       total 471552K, used 56134K [0x00000000a0000000, 0x00000000bcc80000, 0x00000000e0000000)
  object space 471552K, 11% used [0x00000000a0000000,0x00000000a36d19a8,0x00000000bcc80000)
 Metaspace       used 71670K, capacity 74310K, committed 74624K, reserved 1114112K
  class space    used 9263K, capacity 9752K, committed 9856K, reserved 1048576K

Card table byte_map: [0x0000000012fb0000,0x00000000132c0000] byte_map_base: 0x0000000012ab0000

Marking Bits: (ParMarkBitMap*) 0x000000006ff7a6d0
 Begin Bits: [0x0000000013980000, 0x0000000015180000)
 End Bits:   [0x0000000015180000, 0x0000000016980000)

Polling page: 0x00000000031e0000

CodeCache: size=245760Kb used=44683Kb max_used=44699Kb free=201077Kb
 bounds [0x0000000003bf0000, 0x00000000067e0000, 0x0000000012bf0000]
 total_blobs=13803 nmethods=13031 adapters=683
 compilation: enabled

Compilation events (10 events):
Event: 389.031 Thread 0x0000000057f81000 16710       4       java.math.BigInteger::stripLeadingZeroBytes (132 bytes)
Event: 389.038 Thread 0x0000000057f81000 nmethod 16710 0x00000000067caa90 code [0x00000000067cabe0, 0x00000000067cafd8]
Event: 389.338 Thread 0x0000000057f7a000 16712       4       org.gradle.cache.internal.btree.BTreePersistentIndexedCache$MessageDigestStream::getChecksum (41 bytes)
Event: 389.338 Thread 0x0000000057f81000 16711       4       org.gradle.internal.serialize.BaseSerializerFactory$StringSerializer::write (10 bytes)
Event: 389.347 Thread 0x0000000057f81000 nmethod 16711 0x00000000067c9f10 code [0x00000000067ca0a0, 0x00000000067ca4e8]
Event: 389.387 Thread 0x0000000057f7a000 nmethod 16712 0x00000000067d37d0 code [0x00000000067d39e0, 0x00000000067d5090]
Event: 389.866 Thread 0x0000000057f81000 16713       4       java.util.LinkedList$Node::<init> (20 bytes)
Event: 389.867 Thread 0x0000000057f81000 nmethod 16713 0x0000000004de3fd0 code [0x0000000004de4100, 0x0000000004de4178]
Event: 389.903 Thread 0x0000000057f7a000 16714       4       org.gradle.cache.internal.btree.CachingBlockStore::read (67 bytes)
Event: 389.955 Thread 0x0000000057f81000 16715       4       org.gradle.cache.internal.btree.FreeListBlockStore::read (12 bytes)

GC Heap History (10 events):
Event: 106.966 GC heap before
{Heap before GC invocations=33 (full 7):
 PSYoungGen      total 380416K, used 1418K [0x00000000e0000000, 0x00000000ff580000, 0x0000000100000000)
  eden space 249344K, 0% used [0x00000000e0000000,0x00000000e0000000,0x00000000ef380000)
  from space 131072K, 1% used [0x00000000f7580000,0x00000000f76e2ab0,0x00000000ff580000)
  to   space 132096K, 0% used [0x00000000ef380000,0x00000000ef380000,0x00000000f7480000)
 ParOldGen       total 471552K, used 397252K [0x00000000a0000000, 0x00000000bcc80000, 0x00000000e0000000)
  object space 471552K, 84% used [0x00000000a0000000,0x00000000b83f1230,0x00000000bcc80000)
 Metaspace       used 64848K, capacity 66672K, committed 66944K, reserved 1107968K
  class space    used 8437K, capacity 8820K, committed 8832K, reserved 1048576K
Event: 107.316 GC heap after
Heap after GC invocations=33 (full 7):
 PSYoungGen      total 380416K, used 0K [0x00000000e0000000, 0x00000000ff580000, 0x0000000100000000)
  eden space 249344K, 0% used [0x00000000e0000000,0x00000000e0000000,0x00000000ef380000)
  from space 131072K, 0% used [0x00000000f7580000,0x00000000f7580000,0x00000000ff580000)
  to   space 132096K, 0% used [0x00000000ef380000,0x00000000ef380000,0x00000000f7480000)
 ParOldGen       total 471552K, used 43425K [0x00000000a0000000, 0x00000000bcc80000, 0x00000000e0000000)
  object space 471552K, 9% used [0x00000000a0000000,0x00000000a2a684e8,0x00000000bcc80000)
 Metaspace       used 64848K, capacity 66672K, committed 66944K, reserved 1107968K
  class space    used 8437K, capacity 8820K, committed 8832K, reserved 1048576K
}
Event: 352.683 GC heap before
{Heap before GC invocations=34 (full 7):
 PSYoungGen      total 380416K, used 249344K [0x00000000e0000000, 0x00000000ff580000, 0x0000000100000000)
  eden space 249344K, 100% used [0x00000000e0000000,0x00000000ef380000,0x00000000ef380000)
  from space 131072K, 0% used [0x00000000f7580000,0x00000000f7580000,0x00000000ff580000)
  to   space 132096K, 0% used [0x00000000ef380000,0x00000000ef380000,0x00000000f7480000)
 ParOldGen       total 471552K, used 43425K [0x00000000a0000000, 0x00000000bcc80000, 0x00000000e0000000)
  object space 471552K, 9% used [0x00000000a0000000,0x00000000a2a684e8,0x00000000bcc80000)
 Metaspace       used 70610K, capacity 72980K, committed 73088K, reserved 1112064K
  class space    used 9137K, capacity 9590K, committed 9600K, reserved 1048576K
Event: 352.794 GC heap after
Heap after GC invocations=34 (full 7):
 PSYoungGen      total 381440K, used 17404K [0x00000000e0000000, 0x00000000ff800000, 0x0000000100000000)
  eden space 249344K, 0% used [0x00000000e0000000,0x00000000e0000000,0x00000000ef380000)
  from space 132096K, 13% used [0x00000000ef380000,0x00000000f047f130,0x00000000f7480000)
  to   space 127488K, 0% used [0x00000000f7b80000,0x00000000f7b80000,0x00000000ff800000)
 ParOldGen       total 471552K, used 43433K [0x00000000a0000000, 0x00000000bcc80000, 0x00000000e0000000)
  object space 471552K, 9% used [0x00000000a0000000,0x00000000a2a6a4e8,0x00000000bcc80000)
 Metaspace       used 70610K, capacity 72980K, committed 73088K, reserved 1112064K
  class space    used 9137K, capacity 9590K, committed 9600K, reserved 1048576K
}
Event: 353.187 GC heap before
{Heap before GC invocations=35 (full 7):
 PSYoungGen      total 381440K, used 42954K [0x00000000e0000000, 0x00000000ff800000, 0x0000000100000000)
  eden space 249344K, 10% used [0x00000000e0000000,0x00000000e18f3998,0x00000000ef380000)
  from space 132096K, 13% used [0x00000000ef380000,0x00000000f047f130,0x00000000f7480000)
  to   space 127488K, 0% used [0x00000000f7b80000,0x00000000f7b80000,0x00000000ff800000)
 ParOldGen       total 471552K, used 43433K [0x00000000a0000000, 0x00000000bcc80000, 0x00000000e0000000)
  object space 471552K, 9% used [0x00000000a0000000,0x00000000a2a6a4e8,0x00000000bcc80000)
 Metaspace       used 71262K, capacity 73772K, committed 73984K, reserved 1114112K
  class space    used 9246K, capacity 9726K, committed 9728K, reserved 1048576K
Event: 353.208 GC heap after
Heap after GC invocations=35 (full 7):
 PSYoungGen      total 380416K, used 14255K [0x00000000e0000000, 0x00000000ff000000, 0x0000000100000000)
  eden space 261120K, 0% used [0x00000000e0000000,0x00000000e0000000,0x00000000eff00000)
  from space 119296K, 11% used [0x00000000f7b80000,0x00000000f896bfb8,0x00000000ff000000)
  to   space 123392K, 0% used [0x00000000eff00000,0x00000000eff00000,0x00000000f7780000)
 ParOldGen       total 471552K, used 43441K [0x00000000a0000000, 0x00000000bcc80000, 0x00000000e0000000)
  object space 471552K, 9% used [0x00000000a0000000,0x00000000a2a6c4e8,0x00000000bcc80000)
 Metaspace       used 71262K, capacity 73772K, committed 73984K, reserved 1114112K
  class space    used 9246K, capacity 9726K, committed 9728K, reserved 1048576K
}
Event: 353.208 GC heap before
{Heap before GC invocations=36 (full 8):
 PSYoungGen      total 380416K, used 14255K [0x00000000e0000000, 0x00000000ff000000, 0x0000000100000000)
  eden space 261120K, 0% used [0x00000000e0000000,0x00000000e0000000,0x00000000eff00000)
  from space 119296K, 11% used [0x00000000f7b80000,0x00000000f896bfb8,0x00000000ff000000)
  to   space 123392K, 0% used [0x00000000eff00000,0x00000000eff00000,0x00000000f7780000)
 ParOldGen       total 471552K, used 43441K [0x00000000a0000000, 0x00000000bcc80000, 0x00000000e0000000)
  object space 471552K, 9% used [0x00000000a0000000,0x00000000a2a6c4e8,0x00000000bcc80000)
 Metaspace       used 71262K, capacity 73772K, committed 73984K, reserved 1114112K
  class space    used 9246K, capacity 9726K, committed 9728K, reserved 1048576K
Event: 353.817 GC heap after
Heap after GC invocations=36 (full 8):
 PSYoungGen      total 380416K, used 0K [0x00000000e0000000, 0x00000000ff000000, 0x0000000100000000)
  eden space 261120K, 0% used [0x00000000e0000000,0x00000000e0000000,0x00000000eff00000)
  from space 119296K, 0% used [0x00000000f7b80000,0x00000000f7b80000,0x00000000ff000000)
  to   space 123392K, 0% used [0x00000000eff00000,0x00000000eff00000,0x00000000f7780000)
 ParOldGen       total 471552K, used 56126K [0x00000000a0000000, 0x00000000bcc80000, 0x00000000e0000000)
  object space 471552K, 11% used [0x00000000a0000000,0x00000000a36cf9a8,0x00000000bcc80000)
 Metaspace       used 71242K, capacity 73750K, committed 73984K, reserved 1114112K
  class space    used 9240K, capacity 9720K, committed 9728K, reserved 1048576K
}
Event: 384.813 GC heap before
{Heap before GC invocations=37 (full 8):
 PSYoungGen      total 380416K, used 259633K [0x00000000e0000000, 0x00000000ff000000, 0x0000000100000000)
  eden space 261120K, 99% used [0x00000000e0000000,0x00000000efd8c7f8,0x00000000eff00000)
  from space 119296K, 0% used [0x00000000f7b80000,0x00000000f7b80000,0x00000000ff000000)
  to   space 123392K, 0% used [0x00000000eff00000,0x00000000eff00000,0x00000000f7780000)
 ParOldGen       total 471552K, used 56126K [0x00000000a0000000, 0x00000000bcc80000, 0x00000000e0000000)
  object space 471552K, 11% used [0x00000000a0000000,0x00000000a36cf9a8,0x00000000bcc80000)
 Metaspace       used 71663K, capacity 74310K, committed 74624K, reserved 1114112K
  class space    used 9263K, capacity 9752K, committed 9856K, reserved 1048576K
Event: 384.910 GC heap after
Heap after GC invocations=37 (full 8):
 PSYoungGen      total 384512K, used 21651K [0x00000000e0000000, 0x00000000ff800000, 0x0000000100000000)
  eden space 261120K, 0% used [0x00000000e0000000,0x00000000e0000000,0x00000000eff00000)
  from space 123392K, 17% used [0x00000000eff00000,0x00000000f1424ff8,0x00000000f7780000)
  to   space 117248K, 0% used [0x00000000f8580000,0x00000000f8580000,0x00000000ff800000)
 ParOldGen       total 471552K, used 56134K [0x00000000a0000000, 0x00000000bcc80000, 0x00000000e0000000)
  object space 471552K, 11% used [0x00000000a0000000,0x00000000a36d19a8,0x00000000bcc80000)
 Metaspace       used 71663K, capacity 74310K, committed 74624K, reserved 1114112K
  class space    used 9263K, capacity 9752K, committed 9856K, reserved 1048576K
}

Deoptimization events (10 events):
Event: 353.832 Thread 0x0000000057f8b800 Uncommon trap: reason=class_check action=maybe_recompile pc=0x0000000004161e5c method=java.lang.reflect.Array.newInstance(Ljava/lang/Class;I)Ljava/lang/Object; @ 2
Event: 353.832 Thread 0x0000000057f8b800 Uncommon trap: reason=class_check action=maybe_recompile pc=0x0000000004161e5c method=java.lang.reflect.Array.newInstance(Ljava/lang/Class;I)Ljava/lang/Object; @ 2
Event: 372.087 Thread 0x0000000057f8b000 Uncommon trap: reason=class_check action=maybe_recompile pc=0x000000000674790c method=com.sun.org.apache.xerces.internal.dom.AttrImpl.getOwnerElement()Lorg/w3c/dom/Element; @ 18
Event: 372.087 Thread 0x0000000057f8b000 Uncommon trap: reason=class_check action=maybe_recompile pc=0x000000000674790c method=com.sun.org.apache.xerces.internal.dom.AttrImpl.getOwnerElement()Lorg/w3c/dom/Element; @ 18
Event: 373.065 Thread 0x0000000057f8b000 Uncommon trap: reason=class_check action=maybe_recompile pc=0x00000000051c356c method=com.android.ide.common.res2.ResourceItem.compareTo(Ljava/lang/Object;)I @ 2
Event: 373.065 Thread 0x0000000057f8b000 Uncommon trap: reason=class_check action=maybe_recompile pc=0x00000000051c356c method=com.android.ide.common.res2.ResourceItem.compareTo(Ljava/lang/Object;)I @ 2
Event: 373.065 Thread 0x0000000057f8b000 Uncommon trap: reason=class_check action=maybe_recompile pc=0x00000000051c356c method=com.android.ide.common.res2.ResourceItem.compareTo(Ljava/lang/Object;)I @ 2
Event: 373.065 Thread 0x0000000057f8b000 Uncommon trap: reason=class_check action=maybe_recompile pc=0x00000000051c356c method=com.android.ide.common.res2.ResourceItem.compareTo(Ljava/lang/Object;)I @ 2
Event: 373.189 Thread 0x0000000057f8b000 Uncommon trap: reason=unstable_if action=reinterpret pc=0x000000000429597c method=com.google.gson.stream.JsonReader.doPeek()I @ 315
Event: 373.987 Thread 0x0000000057f8b000 Uncommon trap: reason=unstable_if action=reinterpret pc=0x000000000677ae4c method=com.android.ide.common.blame.SourceFile.equals(Ljava/lang/Object;)Z @ 46

Internal exceptions (10 events):
Event: 358.370 Thread 0x0000000057f8b000 Exception <a 'sun/nio/fs/WindowsException'> (0x00000000e26f5210) thrown at [C:\re\workspace\8-2-build-windows-amd64-cygwin\jdk8u101\7261\hotspot\src\share\vm\prims\jni.cpp, line 709]
Event: 358.370 Thread 0x0000000057f8b000 Exception <a 'sun/nio/fs/WindowsException'> (0x00000000e26f5f08) thrown at [C:\re\workspace\8-2-build-windows-amd64-cygwin\jdk8u101\7261\hotspot\src\share\vm\prims\jni.cpp, line 709]
Event: 358.391 Thread 0x0000000057f8b000 Exception <a 'sun/nio/fs/WindowsException'> (0x00000000e26fa350) thrown at [C:\re\workspace\8-2-build-windows-amd64-cygwin\jdk8u101\7261\hotspot\src\share\vm\prims\jni.cpp, line 709]
Event: 358.391 Thread 0x0000000057f8b000 Exception <a 'sun/nio/fs/WindowsException'> (0x00000000e26fafd8) thrown at [C:\re\workspace\8-2-build-windows-amd64-cygwin\jdk8u101\7261\hotspot\src\share\vm\prims\jni.cpp, line 709]
Event: 358.391 Thread 0x0000000057f8b000 Exception <a 'sun/nio/fs/WindowsException'> (0x00000000e26fcc90) thrown at [C:\re\workspace\8-2-build-windows-amd64-cygwin\jdk8u101\7261\hotspot\src\share\vm\prims\jni.cpp, line 709]
Event: 358.391 Thread 0x0000000057f8b000 Exception <a 'sun/nio/fs/WindowsException'> (0x00000000e26fd958) thrown at [C:\re\workspace\8-2-build-windows-amd64-cygwin\jdk8u101\7261\hotspot\src\share\vm\prims\jni.cpp, line 709]
Event: 358.435 Thread 0x0000000057f8b000 Exception <a 'sun/nio/fs/WindowsException'> (0x00000000e27032f8) thrown at [C:\re\workspace\8-2-build-windows-amd64-cygwin\jdk8u101\7261\hotspot\src\share\vm\prims\jni.cpp, line 709]
Event: 358.435 Thread 0x0000000057f8b000 Exception <a 'sun/nio/fs/WindowsException'> (0x00000000e2703e68) thrown at [C:\re\workspace\8-2-build-windows-amd64-cygwin\jdk8u101\7261\hotspot\src\share\vm\prims\jni.cpp, line 709]
Event: 358.435 Thread 0x0000000057f8b000 Exception <a 'sun/nio/fs/WindowsException'> (0x00000000e2705a08) thrown at [C:\re\workspace\8-2-build-windows-amd64-cygwin\jdk8u101\7261\hotspot\src\share\vm\prims\jni.cpp, line 709]
Event: 358.436 Thread 0x0000000057f8b000 Exception <a 'sun/nio/fs/WindowsException'> (0x00000000e27065b8) thrown at [C:\re\workspace\8-2-build-windows-amd64-cygwin\jdk8u101\7261\hotspot\src\share\vm\prims\jni.cpp, line 709]

Events (10 events):
Event: 380.012 Executing VM operation: RevokeBias done
Event: 380.026 Executing VM operation: BulkRevokeBias
Event: 380.027 Executing VM operation: BulkRevokeBias done
Event: 380.027 Executing VM operation: RevokeBias
Event: 380.028 Executing VM operation: RevokeBias done
Event: 380.703 Thread 0x0000000057f81000 flushing nmethod 0x00000000049802d0
Event: 380.710 Thread 0x0000000057f82000 flushing nmethod 0x0000000004d54b90
Event: 381.551 Thread 0x000000005d838000 Thread exited: 0x000000005d838000
Event: 384.813 Executing VM operation: ParallelGCFailedAllocation
Event: 384.910 Executing VM operation: ParallelGCFailedAllocation done


Dynamic libraries:
0x000000013f410000 - 0x000000013f447000 	C:\Program Files\Java\jdk1.8.0_101\bin\java.exe
0x0000000077c40000 - 0x0000000077dea000 	C:\windows\SYSTEM32\ntdll.dll
0x0000000077a20000 - 0x0000000077b3f000 	C:\windows\system32\kernel32.dll
0x000007fefdb30000 - 0x000007fefdb9a000 	C:\windows\system32\KERNELBASE.dll
0x000007fefe500000 - 0x000007fefe5db000 	C:\windows\system32\ADVAPI32.dll
0x000007feff410000 - 0x000007feff4af000 	C:\windows\system32\msvcrt.dll
0x000007fefdf90000 - 0x000007fefdfaf000 	C:\windows\SYSTEM32\sechost.dll
0x000007feff590000 - 0x000007feff6bd000 	C:\windows\system32\RPCRT4.dll
0x0000000077b40000 - 0x0000000077c3a000 	C:\windows\system32\USER32.dll
0x000007feffae0000 - 0x000007feffb47000 	C:\windows\system32\GDI32.dll
0x000007feffbf0000 - 0x000007feffbfe000 	C:\windows\system32\LPK.dll
0x000007feffc00000 - 0x000007feffcca000 	C:\windows\system32\USP10.dll
0x000007fefc0a0000 - 0x000007fefc294000 	C:\windows\WinSxS\amd64_microsoft.windows.common-controls_6595b64144ccf1df_6.0.7601.18837_none_fa3b1e3d17594757\COMCTL32.dll
0x000007feffeb0000 - 0x000007fefff21000 	C:\windows\system32\SHLWAPI.dll
0x000007feff6c0000 - 0x000007feff6ee000 	C:\windows\system32\IMM32.DLL
0x000007feff9d0000 - 0x000007feffad9000 	C:\windows\system32\MSCTF.dll
0x000007fefac00000 - 0x000007fefac86000 	C:\windows\INCOPS3\ESSPD64.dll
0x000007fefab70000 - 0x000007fefabf9000 	C:\windows\INCOPS3\ICATCDLL64.dll
0x000007fefcd60000 - 0x000007fefcd6c000 	C:\windows\system32\VERSION.dll
0x000007fefdd30000 - 0x000007fefdf33000 	C:\windows\system32\ole32.dll
0x000007fefdf40000 - 0x000007fefdf8d000 	C:\windows\system32\WS2_32.dll
0x000007feff6f0000 - 0x000007feff6f8000 	C:\windows\system32\NSI.dll
0x000007fef1300000 - 0x000007fef136f000 	C:\windows\INCOPS3\icdcnl64.dll
0x000007feef600000 - 0x000007feef876000 	C:\windows\pcdrm\NSCFA64.DLL
0x00000000707b0000 - 0x0000000070882000 	C:\Program Files\Java\jdk1.8.0_101\bin\MSVCR100.dll
0x000007fef93c0000 - 0x000007fef93c9000 	C:\windows\system32\WSOCK32.dll
0x0000000077e00000 - 0x0000000077e07000 	C:\windows\system32\PSAPI.DLL
0x000007fef1a00000 - 0x000007fef1a2e000 	C:\windows\pcdrm\NBID64.dll
0x0000000002580000 - 0x000000000265a000 	C:\windows\system32\OLEAUT32.dll
0x000007fefe680000 - 0x000007feff40a000 	C:\windows\system32\SHELL32.DLL
0x000007fef39f0000 - 0x000007fef39fb000 	C:\windows\pcdrm\NSCPE64.dll
0x000007fef1630000 - 0x000007fef1669000 	C:\windows\pcdrm\NFD0164.dll
0x000007fefd970000 - 0x000007fefd97f000 	C:\windows\system32\profapi.dll
0x000007fef1670000 - 0x000007fef1681000 	C:\windows\pcdrm\NFD0264.dll
0x000007fef16b0000 - 0x000007fef197f000 	C:\windows\pcdrm\NSCCOR0364.DLL
0x00000000718f0000 - 0x00000000719c2000 	C:\Program Files\Java\jdk1.8.0_101\jre\bin\msvcr100.dll
0x000000006f760000 - 0x000000006fffa000 	C:\Program Files\Java\jdk1.8.0_101\jre\bin\server\jvm.dll
0x000007fefb2f0000 - 0x000007fefb32b000 	C:\windows\system32\WINMM.dll
0x00000000715c0000 - 0x00000000715cf000 	C:\Program Files\Java\jdk1.8.0_101\jre\bin\verify.dll
0x0000000071050000 - 0x0000000071079000 	C:\Program Files\Java\jdk1.8.0_101\jre\bin\java.dll
0x0000000071150000 - 0x0000000071166000 	C:\Program Files\Java\jdk1.8.0_101\jre\bin\zip.dll
0x00000000727a0000 - 0x00000000727ba000 	C:\Program Files\Java\jdk1.8.0_101\jre\bin\net.dll
0x000007fefd070000 - 0x000007fefd0c5000 	C:\windows\system32\mswsock.dll
0x000007fefd2c0000 - 0x000007fefd2c7000 	C:\windows\System32\wship6.dll
0x0000000072780000 - 0x0000000072791000 	C:\Program Files\Java\jdk1.8.0_101\jre\bin\nio.dll
0x000007fefa700000 - 0x000007fefa712000 	C:\Users\k.sridhar.SISA\.gradle\native\19\windows-amd64\native-platform.dll
0x0000000072b80000 - 0x0000000072b8d000 	C:\Program Files\Java\jdk1.8.0_101\jre\bin\management.dll
0x000007fefd180000 - 0x000007fefd198000 	C:\windows\system32\CRYPTSP.dll
0x000007fefceb0000 - 0x000007fefcef7000 	C:\windows\system32\rsaenh.dll
0x0000000003370000 - 0x000000000338e000 	C:\windows\system32\USERENV.dll
0x000007fefd810000 - 0x000007fefd81f000 	C:\windows\system32\CRYPTBASE.dll
0x000007fef9390000 - 0x000007fef93b7000 	C:\windows\system32\IPHLPAPI.DLL
0x000007fef9380000 - 0x000007fef938b000 	C:\windows\system32\WINNSI.DLL
0x000007fef8810000 - 0x000007fef8828000 	C:\windows\system32\dhcpcsvc.DLL
0x000007fef8910000 - 0x000007fef8921000 	C:\windows\system32\dhcpcsvc6.DLL
0x000007fefd7b0000 - 0x000007fefd807000 	C:\windows\system32\apphelp.dll

VM Arguments:
jvm_args: -Xmx1536M -Dfile.encoding=windows-1252 -Duser.country=US -Duser.language=en -Duser.variant 
java_command: org.gradle.launcher.daemon.bootstrap.GradleDaemon 3.0
java_class_path (initial): C:\Users\k.sridhar.SISA\.gradle\wrapper\dists\gradle-3.0-all\6v8c6qg2jpi8twyfv2a5s9mii\gradle-3.0\lib\gradle-launcher-3.0.jar
Launcher Type: SUN_STANDARD

Environment Variables:
JAVA_HOME=C:\Program Files\Java\jdk1.8.0_101
PATH=C:\ProgramData\Oracle\Java\javapath;C:\Perl64\site\bin;C:\Perl64\bin;C:\windows\system32;C:\windows;C:\windows\System32\Wbem;C:\windows\System32\WindowsPowerShell\v1.0\;C:\Program Files (x86)\QuickTime\QTSystem\;C:\Drive\MyTools\adt-bundle-windows-x86_64-20140702\adt-bundle-windows-x86_64-20140702\sdk\platform-tools;C:\Program Files\Java\jdk1.8.0_101\bin;C:\Program Files\Java\jdk1.8.0_101\jre\bin;C:\Users\k.sridhar.SISA\AppData\Local\Android\sdk\platform-tools;C:\Users\k.sridhar.SISA\AppData\Local\Programs\Python\Python35-32\Python;C:\MinGW;C:\Program Files (x86)\IDM Computer Solutions\UltraEdit\
USERNAME=k.sridhar
OS=Windows_NT
PROCESSOR_IDENTIFIER=Intel64 Family 6 Model 69 Stepping 1, GenuineIntel



---------------  S Y S T E M  ---------------

OS: