#
# There is insufficient memory for the Java Runtime Environment to continue.
# Native memory allocation (malloc) failed to allocate 739696 bytes for Chunk::new
# Possible reasons:
#   The system is out of physical RAM or swap space
#   In 32 bit mode, the process size limit was hit
# Possible solutions:
#   Reduce memory load on the system
#   Increase physical memory or swap space
#   Check if swap backing store is full
#   Use 64 bit Java on a 64 bit OS
#   Decrease Java heap size (-Xmx/-Xms)
#   Decrease number of Java threads
#   Decrease Java thread stack sizes (-Xss)
#   Set larger code cache with -XX:ReservedCodeCacheSize=
# This output file may be truncated or incomplete.
#
#  Out of Memory Error (allocation.cpp:390), pid=13568, tid=0x0000000000003e48
#
# JRE version: Java(TM) SE Runtime Environment (8.0_101-b13) (build 1.8.0_101-b13)
# Java VM: Java HotSpot(TM) 64-Bit Server VM (25.101-b13 mixed mode windows-amd64 compressed oops)
# Failed to write core dump. Minidumps are not enabled by default on client versions of Windows
#

---------------  T H R E A D  ---------------

Current thread (0x0000000056c62000):  JavaThread "C2 CompilerThread0" daemon [_thread_in_native, id=15944, stack(0x0000000057e70000,0x0000000057f70000)]

Stack: [0x0000000057e70000,0x0000000057f70000]
[error occurred during error reporting (printing stack bounds), id 0xc0000005]

Native frames: (J=compiled Java code, j=interpreted, Vv=VM code, C=native code)


Current CompileTask:
C2: 719815 14918       4       org.gradle.api.internal.artifacts.ivyservice.resolveengine.DefaultDependencyToConfigurationResolver::resolveTargetConfigurations (176 bytes)


---------------  P R O C E S S  ---------------

Java Threads: ( => current thread )
  0x00000000594c7000 JavaThread "Forward streams with process: command 'C:\Program Files\Java\jdk1.8.0_101\bin\java.exe' Thread 3" [_thread_in_native, id=14424, stack(0x0000000068470000,0x0000000068570000)]
  0x00000000594c9000 JavaThread "Forward streams with process: command 'C:\Program Files\Java\jdk1.8.0_101\bin\java.exe' Thread 2" [_thread_in_native, id=16076, stack(0x0000000069bb0000,0x0000000069cb0000)]
  0x00000000594c8800 JavaThread "Forward streams with process: command 'C:\Program Files\Java\jdk1.8.0_101\bin\java.exe'" [_thread_blocked, id=16124, stack(0x00000000696c0000,0x00000000697c0000)]
  0x00000000594c4800 JavaThread "Run command 'C:\Program Files\Java\jdk1.8.0_101\bin\java.exe'" [_thread_in_native, id=3760, stack(0x000000005a720000,0x000000005a820000)]
  0x00000000594c4000 JavaThread "Forward streams with process: command 'C:\Program Files\Java\jdk1.8.0_101\bin\java.exe' Thread 3" [_thread_in_native, id=15480, stack(0x0000000069dd0000,0x0000000069ed0000)]
  0x00000000594c7800 JavaThread "Forward streams with process: command 'C:\Program Files\Java\jdk1.8.0_101\bin\java.exe' Thread 2" [_thread_in_native, id=1688, stack(0x0000000069cb0000,0x0000000069db0000)]
  0x00000000594c6000 JavaThread "Forward streams with process: command 'C:\Program Files\Java\jdk1.8.0_101\bin\java.exe'" [_thread_blocked, id=14284, stack(0x0000000063330000,0x0000000063430000)]
  0x000000005946e800 JavaThread "Run command 'C:\Program Files\Java\jdk1.8.0_101\bin\java.exe'" [_thread_in_native, id=14028, stack(0x0000000069a20000,0x0000000069b20000)]
  0x0000000059467800 JavaThread "Stdin handler" [_thread_blocked, id=11984, stack(0x0000000069870000,0x0000000069970000)]
  0x0000000059469000 JavaThread "Asynchronous log dispatcher for org.gradle.launcher.daemon.server.DefaultDaemonConnection@2ef508c7" [_thread_blocked, id=15424, stack(0x00000000693a0000,0x00000000694a0000)]
  0x0000000059465000 JavaThread "Daemon worker Thread 3" [_thread_in_Java, id=8336, stack(0x0000000069080000,0x0000000069180000)]
  0x0000000059468000 JavaThread "Cancel handler" [_thread_blocked, id=13472, stack(0x0000000068ea0000,0x0000000068fa0000)]
  0x000000005946d800 JavaThread "Handler for socket connection from /127.0.0.1:58409 to /127.0.0.1:59300" [_thread_in_native, id=14716, stack(0x0000000068920000,0x0000000068a20000)]
  0x0000000059473800 JavaThread "Daemon Thread 3" [_thread_blocked, id=6300, stack(0x00000000686f0000,0x00000000687f0000)]
  0x000000005887a800 JavaThread "Forward streams with process: command 'C:\Program Files\Java\jdk1.8.0_101\bin\java.exe' Thread 3" [_thread_in_native, id=15232, stack(0x000000005a580000,0x000000005a680000)]
  0x000000005887c000 JavaThread "Forward streams with process: command 'C:\Program Files\Java\jdk1.8.0_101\bin\java.exe' Thread 2" [_thread_in_native, id=4680, stack(0x0000000068590000,0x0000000068690000)]
  0x000000005887d000 JavaThread "Forward streams with process: command 'C:\Program Files\Java\jdk1.8.0_101\bin\java.exe'" [_thread_blocked, id=13616, stack(0x00000000662c0000,0x00000000663c0000)]
  0x0000000058877800 JavaThread "Run command 'C:\Program Files\Java\jdk1.8.0_101\bin\java.exe'" [_thread_in_native, id=2560, stack(0x000000005b710000,0x000000005b810000)]
  0x000000005887a000 JavaThread "Forward streams with process: command 'C:\Program Files\Java\jdk1.8.0_101\bin\java.exe' Thread 3" [_thread_in_native, id=13120, stack(0x0000000069250000,0x0000000069350000)]
  0x000000005887e800 JavaThread "Forward streams with process: command 'C:\Program Files\Java\jdk1.8.0_101\bin\java.exe' Thread 2" [_thread_in_native, id=13004, stack(0x0000000067980000,0x0000000067a80000)]
  0x000000005887d800 JavaThread "Forward streams with process: command 'C:\Program Files\Java\jdk1.8.0_101\bin\java.exe'" [_thread_blocked, id=4100, stack(0x0000000068cb0000,0x0000000068db0000)]
  0x0000000058878800 JavaThread "Run command 'C:\Program Files\Java\jdk1.8.0_101\bin\java.exe'" [_thread_in_native, id=14596, stack(0x000000005ab30000,0x000000005ac30000)]
  0x000000005d1ba800 JavaThread "pool-9-thread-4" [_thread_blocked, id=16332, stack(0x0000000068360000,0x0000000068460000)]
  0x000000005d1bb800 JavaThread "pool-9-thread-3" [_thread_blocked, id=14516, stack(0x0000000068150000,0x0000000068250000)]
  0x0000000059466000 JavaThread "pool-9-thread-2" [_thread_blocked, id=15616, stack(0x0000000063e40000,0x0000000063f40000)]
  0x0000000061303000 JavaThread "pool-9-thread-1" [_thread_blocked, id=8272, stack(0x0000000063c10000,0x0000000063d10000)]
  0x000000005d1ba000 JavaThread "stdout" daemon [_thread_in_native, id=13652, stack(0x0000000063d30000,0x0000000063e30000)]
  0x0000000061305800 JavaThread "stderr" daemon [_thread_in_native, id=14308, stack(0x0000000066530000,0x0000000066630000)]
  0x000000005d1b9000 JavaThread "stdout" daemon [_thread_in_native, id=5336, stack(0x0000000064270000,0x0000000064370000)]
  0x0000000061307000 JavaThread "stderr" daemon [_thread_in_native, id=2268, stack(0x0000000067450000,0x0000000067550000)]
  0x000000005d27e000 JavaThread "stdout" daemon [_thread_in_native, id=11792, stack(0x0000000067330000,0x0000000067430000)]
  0x0000000061308800 JavaThread "stderr" daemon [_thread_in_native, id=13720, stack(0x0000000064630000,0x0000000064730000)]
  0x000000005c598800 JavaThread "stdout" daemon [_thread_in_native, id=15496, stack(0x0000000064c10000,0x0000000064d10000)]
  0x000000005c59a000 JavaThread "stderr" daemon [_thread_in_native, id=8568, stack(0x0000000067180000,0x0000000067280000)]
  0x000000005c59a800 JavaThread "stdout" daemon [_thread_in_native, id=13700, stack(0x0000000064d10000,0x0000000064e10000)]
  0x0000000061308000 JavaThread "stderr" daemon [_thread_in_native, id=16232, stack(0x0000000064530000,0x0000000064630000)]
  0x000000005dab8800 JavaThread "stdout" daemon [_thread_in_native, id=2096, stack(0x0000000064120000,0x0000000064220000)]
  0x0000000061306800 JavaThread "stderr" daemon [_thread_in_native, id=10148, stack(0x0000000063690000,0x0000000063790000)]
  0x000000006130a000 JavaThread "stdout" daemon [_thread_in_native, id=5972, stack(0x00000000647b0000,0x00000000648b0000)]
  0x0000000061309800 JavaThread "stderr" daemon [_thread_in_native, id=14088, stack(0x00000000643d0000,0x00000000644d0000)]
  0x000000005dab7800 JavaThread "stdout" daemon [_thread_in_native, id=12484, stack(0x0000000063580000,0x0000000063680000)]
  0x000000005c599000 JavaThread "stderr" daemon [_thread_in_native, id=14328, stack(0x0000000064930000,0x0000000064a30000)]
  0x000000005dab7000 JavaThread "stdout" daemon [_thread_in_native, id=6676, stack(0x0000000067000000,0x0000000067100000)]
  0x000000005dab6000 JavaThread "stderr" daemon [_thread_in_native, id=15924, stack(0x0000000066e10000,0x0000000066f10000)]
  0x000000005dab5800 JavaThread "stdout" daemon [_thread_in_native, id=16168, stack(0x0000000066c20000,0x0000000066d20000)]
  0x000000005e0ac000 JavaThread "stderr" daemon [_thread_in_native, id=14444, stack(0x0000000066a70000,0x0000000066b70000)]
  0x000000005e0ab800 JavaThread "stdout" daemon [_thread_in_native, id=8356, stack(0x0000000066950000,0x0000000066a50000)]
  0x000000005e0aa800 JavaThread "stderr" daemon [_thread_in_native, id=9440, stack(0x00000000667a0000,0x00000000668a0000)]
  0x000000005e0aa000 JavaThread "stdout" daemon [_thread_in_native, id=16212, stack(0x0000000066670000,0x0000000066770000)]
  0x000000005e0a9000 JavaThread "stderr" daemon [_thread_in_native, id=13796, stack(0x0000000066400000,0x0000000066500000)]
  0x000000005e3b2000 JavaThread "stdout" daemon [_thread_in_native, id=15276, stack(0x00000000661b0000,0x00000000662b0000)]
  0x000000005e3b1800 JavaThread "stderr" daemon [_thread_in_native, id=11744, stack(0x0000000065fc0000,0x00000000660c0000)]
  0x000000005e3b0800 JavaThread "stdout" daemon [_thread_in_native, id=5684, stack(0x0000000065c80000,0x0000000065d80000)]
  0x000000005e3af800 JavaThread "stderr" daemon [_thread_in_native, id=6812, stack(0x0000000065dd0000,0x0000000065ed0000)]
  0x000000005e3af000 JavaThread "stdout" daemon [_thread_in_native, id=8284, stack(0x0000000064ab0000,0x0000000064bb0000)]
  0x000000005e3ae000 JavaThread "stderr" daemon [_thread_in_native, id=14864, stack(0x0000000065b60000,0x0000000065c60000)]
  0x000000005e3ad800 JavaThread "stdout" daemon [_thread_in_native, id=14628, stack(0x0000000065050000,0x0000000065150000)]
  0x000000005e3ac800 JavaThread "stderr" daemon [_thread_in_native, id=14912, stack(0x0000000063f90000,0x0000000064090000)]
  0x000000005e3ac000 JavaThread "stdout" daemon [_thread_in_native, id=13308, stack(0x00000000659b0000,0x0000000065ab0000)]
  0x000000005e3ab000 JavaThread "stderr" daemon [_thread_in_native, id=13768, stack(0x00000000658a0000,0x00000000659a0000)]
  0x000000005c59f000 JavaThread "stdout" daemon [_thread_in_native, id=7824, stack(0x0000000065720000,0x0000000065820000)]
  0x000000005c59e800 JavaThread "stderr" daemon [_thread_in_native, id=12588, stack(0x00000000655a0000,0x00000000656a0000)]
  0x000000005c59d800 JavaThread "stdout" daemon [_thread_in_native, id=16060, stack(0x0000000065420000,0x0000000065520000)]
  0x000000005c59d000 JavaThread "stderr" daemon [_thread_in_native, id=13328, stack(0x00000000652c0000,0x00000000653c0000)]
  0x000000005c59c000 JavaThread "stdout" daemon [_thread_in_native, id=9968, stack(0x0000000065170000,0x0000000065270000)]
  0x000000005c59b800 JavaThread "stderr" daemon [_thread_in_native, id=13416, stack(0x0000000064f10000,0x0000000065010000)]
  0x0000000061304000 JavaThread "png-cruncher_8" daemon [_thread_blocked, id=15976, stack(0x0000000063920000,0x0000000063a20000)]
  0x000000005d280000 JavaThread "png-cruncher_6" daemon [_thread_blocked, id=3536, stack(0x0000000063a90000,0x0000000063b90000)]
  0x000000005d27f800 JavaThread "png-cruncher_5" daemon [_thread_blocked, id=11000, stack(0x00000000637b0000,0x00000000638b0000)]
  0x000000005d27e800 JavaThread "png-cruncher_4" daemon [_thread_blocked, id=14508, stack(0x0000000063430000,0x0000000063530000)]
  0x000000005d27d000 JavaThread "png-cruncher_2" daemon [_thread_blocked, id=9796, stack(0x000000005a840000,0x000000005a940000)]
  0x0000000059473000 JavaThread "pool-3-thread-4" [_thread_blocked, id=13900, stack(0x000000005bdf0000,0x000000005bef0000)]
  0x0000000059472000 JavaThread "pool-3-thread-3" [_thread_blocked, id=12204, stack(0x0000000063210000,0x0000000063310000)]
  0x0000000059471800 JavaThread "pool-3-thread-2" [_thread_blocked, id=9688, stack(0x0000000060000000,0x0000000060100000)]
  0x0000000059470800 JavaThread "pool-3-thread-1" [_thread_blocked, id=14656, stack(0x000000005bc60000,0x000000005bd60000)]
  0x0000000059464800 JavaThread "File lock request listener" [_thread_in_native, id=16188, stack(0x000000005af30000,0x000000005b030000)]
  0x0000000059109000 JavaThread "Incoming local TCP Connector on port 58409" [_thread_in_native, id=15032, stack(0x0000000058c50000,0x0000000058d50000)]
  0x0000000058b22000 JavaThread "pool-1-thread-1" [_thread_blocked, id=15076, stack(0x0000000059f50000,0x000000005a050000)]
  0x0000000056cd2800 JavaThread "Service Thread" daemon [_thread_blocked, id=2424, stack(0x0000000058350000,0x0000000058450000)]
  0x0000000056c6e800 JavaThread "C1 CompilerThread2" daemon [_thread_in_native, id=11284, stack(0x00000000581e0000,0x00000000582e0000)]
  0x0000000056c6d000 JavaThread "C2 CompilerThread1" daemon [_thread_blocked, id=14120, stack(0x0000000057f70000,0x0000000058070000)]
=>0x0000000056c62000 JavaThread "C2 CompilerThread0" daemon [_thread_in_native, id=15944, stack(0x0000000057e70000,0x0000000057f70000)]
  0x0000000056c5d800 JavaThread "Attach Listener" daemon [_thread_blocked, id=15336, stack(0x0000000057c30000,0x0000000057d30000)]
  0x0000000056c5c000 JavaThread "Signal Dispatcher" daemon [_thread_blocked, id=15516, stack(0x0000000057a20000,0x0000000057b20000)]
  0x000000005635e000 JavaThread "Finalizer" daemon [_thread_blocked, id=15660, stack(0x0000000057890000,0x0000000057990000)]
  0x000000005635d000 JavaThread "Reference Handler" daemon [_thread_blocked, id=3928, stack(0x00000000576d0000,0x00000000577d0000)]
  0x0000000001cbe800 JavaThread "main" [_thread_blocked, id=14168, stack(0x0000000003940000,0x0000000003a40000)]

Other Threads:
  0x0000000056355800 VMThread [stack: 0x00000000575b0000,0x00000000576b0000] [id=13992]
  0x0000000056cd6800 WatcherThread [stack: 0x00000000580a0000,0x00000000581a0000] [id=14052]

VM state:not at safepoint (normal execution)

VM Mutex/Monitor currently owned by a thread: None

Heap:
 PSYoungGen      total 317952K, used 91576K [0x00000000eab00000, 0x0000000100000000, 0x0000000100000000)
  eden space 297984K, 30% used [0x00000000eab00000,0x00000000f046e268,0x00000000fce00000)
  from space 19968K, 0% used [0x00000000fce00000,0x00000000fce00000,0x00000000fe180000)
  to   space 27136K, 0% used [0x00000000fe580000,0x00000000fe580000,0x0000000100000000)
 ParOldGen       total 140288K, used 81404K [0x00000000c0000000, 0x00000000c8900000, 0x00000000eab00000)
  object space 140288K, 58% used [0x00000000c0000000,0x00000000c4f7f1f0,0x00000000c8900000)
 Metaspace       used 72579K, capacity 76600K, committed 76760K, reserved 1118208K
  class space    used 9846K, capacity 10677K, committed 10752K, reserved 1048576K

Card table byte_map: [0x0000000012e00000,0x0000000013010000] byte_map_base: 0x0000000012800000

Marking Bits: (ParMarkBitMap*) 0x000000006fd8a6d0
 Begin Bits: [0x0000000013760000, 0x0000000014760000)
 End Bits:   [0x0000000014760000, 0x0000000015760000)

Polling page: 0x0000000003320000

CodeCache: size=245760Kb used=39964Kb max_used=39964Kb free=205795Kb
 bounds [0x0000000003a40000, 0x0000000006180000, 0x0000000012a40000]
 total_blobs=12802 nmethods=12017 adapters=695
 compilation: enabled

Compilation events (10 events):
Event: 719.591 Thread 0x0000000056c6e800 nmethod 14926 0x00000000061666d0 code [0x0000000006166860, 0x0000000006166da8]
Event: 719.597 Thread 0x0000000056c6e800 14928       3       com.google.common.collect.ImmutableCollection$Builder::expandedCapacity (45 bytes)
Event: 719.597 Thread 0x0000000056c6e800 nmethod 14928 0x0000000006172690 code [0x0000000006172820, 0x0000000006172b18]
Event: 719.606 Thread 0x0000000056c6e800 14929       1       com.android.builder.core.VariantConfiguration::getMergedFlavor (5 bytes)
Event: 719.607 Thread 0x0000000056c6e800 nmethod 14929 0x000000000513f9d0 code [0x000000000513fb20, 0x000000000513fc30]
Event: 719.644 Thread 0x0000000056c6d000 nmethod 14921 0x0000000006176d90 code [0x0000000006177020, 0x0000000006178488]
Event: 719.644 Thread 0x0000000056c6d000 14927       4       com.google.common.collect.AbstractIterator::hasNext (65 bytes)
Event: 719.651 Thread 0x0000000056c6d000 nmethod 14927 0x0000000006173890 code [0x0000000006173a00, 0x0000000006173c38]
Event: 719.651 Thread 0x0000000056c6d000 14930       4       java.lang.Class::annotationData (44 bytes)
Event: 719.683 Thread 0x0000000056c6d000 nmethod 14930 0x0000000006174390 code [0x0000000006174580, 0x0000000006174d60]

GC Heap History (10 events):
Event: 437.394 GC heap before
{Heap before GC invocations=20 (full 4):
 PSYoungGen      total 276992K, used 261588K [0x00000000eab00000, 0x0000000100000000, 0x0000000100000000)
  eden space 254976K, 100% used [0x00000000eab00000,0x00000000fa400000,0x00000000fa400000)
  from space 22016K, 30% used [0x00000000fa400000,0x00000000faa751f0,0x00000000fb980000)
  to   space 21504K, 0% used [0x00000000feb00000,0x00000000feb00000,0x0000000100000000)
 ParOldGen       total 140288K, used 58050K [0x00000000c0000000, 0x00000000c8900000, 0x00000000eab00000)
  object space 140288K, 41% used [0x00000000c0000000,0x00000000c38b0a60,0x00000000c8900000)
 Metaspace       used 61823K, capacity 65224K, committed 65368K, reserved 1105920K
  class space    used 8547K, capacity 9221K, committed 9344K, reserved 1048576K
Event: 437.457 GC heap after
Heap after GC invocations=20 (full 4):
 PSYoungGen      total 325632K, used 11892K [0x00000000eab00000, 0x00000000ffe80000, 0x0000000100000000)
  eden space 305664K, 0% used [0x00000000eab00000,0x00000000eab00000,0x00000000fd580000)
  from space 19968K, 59% used [0x00000000feb00000,0x00000000ff69d308,0x00000000ffe80000)
  to   space 20992K, 0% used [0x00000000fd580000,0x00000000fd580000,0x00000000fea00000)
 ParOldGen       total 140288K, used 63422K [0x00000000c0000000, 0x00000000c8900000, 0x00000000eab00000)
  object space 140288K, 45% used [0x00000000c0000000,0x00000000c3defb50,0x00000000c8900000)
 Metaspace       used 61823K, capacity 65224K, committed 65368K, reserved 1105920K
  class space    used 8547K, capacity 9221K, committed 9344K, reserved 1048576K
}
Event: 557.532 GC heap before
{Heap before GC invocations=21 (full 4):
 PSYoungGen      total 325632K, used 317556K [0x00000000eab00000, 0x00000000ffe80000, 0x0000000100000000)
  eden space 305664K, 100% used [0x00000000eab00000,0x00000000fd580000,0x00000000fd580000)
  from space 19968K, 59% used [0x00000000feb00000,0x00000000ff69d308,0x00000000ffe80000)
  to   space 20992K, 0% used [0x00000000fd580000,0x00000000fd580000,0x00000000fea00000)
 ParOldGen       total 140288K, used 63422K [0x00000000c0000000, 0x00000000c8900000, 0x00000000eab00000)
  object space 140288K, 45% used [0x00000000c0000000,0x00000000c3defb50,0x00000000c8900000)
 Metaspace       used 67916K, capacity 71448K, committed 71512K, reserved 1110016K
  class space    used 9342K, capacity 10095K, committed 10112K, reserved 1048576K
Event: 557.592 GC heap after
Heap after GC invocations=21 (full 4):
 PSYoungGen      total 323584K, used 17408K [0x00000000eab00000, 0x0000000100000000, 0x0000000100000000)
  eden space 305664K, 0% used [0x00000000eab00000,0x00000000eab00000,0x00000000fd580000)
  from space 17920K, 97% used [0x00000000fd580000,0x00000000fe680160,0x00000000fe700000)
  to   space 23040K, 0% used [0x00000000fe980000,0x00000000fe980000,0x0000000100000000)
 ParOldGen       total 140288K, used 63430K [0x00000000c0000000, 0x00000000c8900000, 0x00000000eab00000)
  object space 140288K, 45% used [0x00000000c0000000,0x00000000c3df1b50,0x00000000c8900000)
 Metaspace       used 67916K, capacity 71448K, committed 71512K, reserved 1110016K
  class space    used 9342K, capacity 10095K, committed 10112K, reserved 1048576K
}
Event: 590.559 GC heap before
{Heap before GC invocations=22 (full 4):
 PSYoungGen      total 323584K, used 322212K [0x00000000eab00000, 0x0000000100000000, 0x0000000100000000)
  eden space 305664K, 99% used [0x00000000eab00000,0x00000000fd4a9098,0x00000000fd580000)
  from space 17920K, 97% used [0x00000000fd580000,0x00000000fe680160,0x00000000fe700000)
  to   space 23040K, 0% used [0x00000000fe980000,0x00000000fe980000,0x0000000100000000)
 ParOldGen       total 140288K, used 63430K [0x00000000c0000000, 0x00000000c8900000, 0x00000000eab00000)
  object space 140288K, 45% used [0x00000000c0000000,0x00000000c3df1b50,0x00000000c8900000)
 Metaspace       used 70465K, capacity 74166K, committed 74328K, reserved 1114112K
  class space    used 9590K, capacity 10360K, committed 10368K, reserved 1048576K
Event: 590.614 GC heap after
Heap after GC invocations=22 (full 4):
 PSYoungGen      total 321024K, used 21327K [0x00000000eab00000, 0x0000000100000000, 0x0000000100000000)
  eden space 297984K, 0% used [0x00000000eab00000,0x00000000eab00000,0x00000000fce00000)
  from space 23040K, 92% used [0x00000000fe980000,0x00000000ffe53ea0,0x0000000100000000)
  to   space 25600K, 0% used [0x00000000fce00000,0x00000000fce00000,0x00000000fe700000)
 ParOldGen       total 140288K, used 63446K [0x00000000c0000000, 0x00000000c8900000, 0x00000000eab00000)
  object space 140288K, 45% used [0x00000000c0000000,0x00000000c3df5b50,0x00000000c8900000)
 Metaspace       used 70465K, capacity 74166K, committed 74328K, reserved 1114112K
  class space    used 9590K, capacity 10360K, committed 10368K, reserved 1048576K
}
Event: 621.690 GC heap before
{Heap before GC invocations=23 (full 4):
 PSYoungGen      total 321024K, used 188663K [0x00000000eab00000, 0x0000000100000000, 0x0000000100000000)
  eden space 297984K, 56% used [0x00000000eab00000,0x00000000f4e69e88,0x00000000fce00000)
  from space 23040K, 92% used [0x00000000fe980000,0x00000000ffe53ea0,0x0000000100000000)
  to   space 25600K, 0% used [0x00000000fce00000,0x00000000fce00000,0x00000000fe700000)
 ParOldGen       total 140288K, used 63446K [0x00000000c0000000, 0x00000000c8900000, 0x00000000eab00000)
  object space 140288K, 45% used [0x00000000c0000000,0x00000000c3df5b50,0x00000000c8900000)
 Metaspace       used 72235K, capacity 76064K, committed 76120K, reserved 1114112K
  class space    used 9804K, capacity 10589K, committed 10624K, reserved 1048576K
Event: 621.791 GC heap after
Heap after GC invocations=23 (full 4):
 PSYoungGen      total 317952K, used 19601K [0x00000000eab00000, 0x0000000100000000, 0x0000000100000000)
  eden space 297984K, 0% used [0x00000000eab00000,0x00000000eab00000,0x00000000fce00000)
  from space 19968K, 98% used [0x00000000fce00000,0x00000000fe124500,0x00000000fe180000)
  to   space 27136K, 0% used [0x00000000fe580000,0x00000000fe580000,0x0000000100000000)
 ParOldGen       total 140288K, used 63454K [0x00000000c0000000, 0x00000000c8900000, 0x00000000eab00000)
  object space 140288K, 45% used [0x00000000c0000000,0x00000000c3df7b50,0x00000000c8900000)
 Metaspace       used 72235K, capacity 76064K, committed 76120K, reserved 1114112K
  class space    used 9804K, capacity 10589K, committed 10624K, reserved 1048576K
}
Event: 621.791 GC heap before
{Heap before GC invocations=24 (full 5):
 PSYoungGen      total 317952K, used 19601K [0x00000000eab00000, 0x0000000100000000, 0x0000000100000000)
  eden space 297984K, 0% used [0x00000000eab00000,0x00000000eab00000,0x00000000fce00000)
  from space 19968K, 98% used [0x00000000fce00000,0x00000000fe124500,0x00000000fe180000)
  to   space 27136K, 0% used [0x00000000fe580000,0x00000000fe580000,0x0000000100000000)
 ParOldGen       total 140288K, used 63454K [0x00000000c0000000, 0x00000000c8900000, 0x00000000eab00000)
  object space 140288K, 45% used [0x00000000c0000000,0x00000000c3df7b50,0x00000000c8900000)
 Metaspace       used 72235K, capacity 76064K, committed 76120K, reserved 1114112K
  class space    used 9804K, capacity 10589K, committed 10624K, reserved 1048576K
Event: 624.960 GC heap after
Heap after GC invocations=24 (full 5):
 PSYoungGen      total 317952K, used 0K [0x00000000eab00000, 0x0000000100000000, 0x0000000100000000)
  eden space 297984K, 0% used [0x00000000eab00000,0x00000000eab00000,0x00000000fce00000)
  from space 19968K, 0% used [0x00000000fce00000,0x00000000fce00000,0x00000000fe180000)
  to   space 27136K, 0% used [0x00000000fe580000,0x00000000fe580000,0x0000000100000000)
 ParOldGen       total 140288K, used 81404K [0x00000000c0000000, 0x00000000c8900000, 0x00000000eab00000)
  object space 140288K, 58% used [0x00000000c0000000,0x00000000c4f7f1f0,0x00000000c8900000)
 Metaspace       used 72231K, capacity 76056K, committed 76120K, reserved 1114112K
  class space    used 9803K, capacity 10587K, committed 10624K, reserved 1048576K
}

Deoptimization events (10 events):
Event: 624.961 Thread 0x000000005635d000 Uncommon trap: reason=unstable_if action=reinterpret pc=0x00000000041c652c method=java.lang.ref.Reference.tryHandlePending(Z)Z @ 20
Event: 625.176 Thread 0x0000000059465000 Uncommon trap: reason=array_check action=maybe_recompile pc=0x0000000005e22b1c method=java.util.TimSort.binarySort([Ljava/lang/Object;IIILjava/util/Comparator;)V @ 183
Event: 625.225 Thread 0x0000000059465000 Uncommon trap: reason=array_check action=maybe_recompile pc=0x0000000005e22a54 method=java.util.TimSort.binarySort([Ljava/lang/Object;IIILjava/util/Comparator;)V @ 193
Event: 717.467 Thread 0x0000000059465000 Uncommon trap: reason=bimorphic action=maybe_recompile pc=0x00000000045f3e94 method=sun.security.provider.DigestBase.engineUpdate([BII)V @ 128
Event: 717.970 Thread 0x0000000059465000 Uncommon trap: reason=class_check action=maybe_recompile pc=0x0000000003d92bac method=com.google.common.collect.AbstractMapBasedMultimap.iteratorOrListIterator(Ljava/util/Collection;)Ljava/util/Iterator; @ 1
Event: 717.970 Thread 0x0000000059465000 Uncommon trap: reason=class_check action=maybe_recompile pc=0x0000000005b50e7c method=com.google.common.collect.AbstractMapBasedMultimap$WrappedCollection.size()I @ 8
Event: 718.540 Thread 0x0000000059465000 Uncommon trap: reason=class_check action=maybe_recompile pc=0x0000000003d92bac method=com.google.common.collect.AbstractMapBasedMultimap.iteratorOrListIterator(Ljava/util/Collection;)Ljava/util/Iterator; @ 1
Event: 718.540 Thread 0x0000000059465000 Uncommon trap: reason=class_check action=maybe_recompile pc=0x0000000005b50e7c method=com.google.common.collect.AbstractMapBasedMultimap$WrappedCollection.size()I @ 8
Event: 719.484 Thread 0x0000000059465000 Uncommon trap: reason=class_check action=maybe_recompile pc=0x000000000588363c method=com.google.common.cache.LocalCache.getIfPresent(Ljava/lang/Object;)Ljava/lang/Object; @ 29
Event: 719.551 Thread 0x0000000059465000 Uncommon trap: reason=class_check action=maybe_recompile pc=0x000000000588363c method=com.google.common.cache.LocalCache.getIfPresent(Ljava/lang/Object;)Ljava/lang/Object; @ 29

Internal exceptions (10 events):
Event: 625.172 Thread 0x0000000059465000 Exception <a 'java/lang/NoSuchMethodError': <clinit>> (0x00000000eaf4ab80) thrown at [C:\re\workspace\8-2-build-windows-amd64-cygwin\jdk8u101\7261\hotspot\src\share\vm\prims\jni.cpp, line 1613]
Event: 625.176 Thread 0x0000000059465000 Exception <a 'java/lang/NoSuchMethodError': <clinit>> (0x00000000eafbade0) thrown at [C:\re\workspace\8-2-build-windows-amd64-cygwin\jdk8u101\7261\hotspot\src\share\vm\prims\jni.cpp, line 1613]
Event: 625.177 Thread 0x0000000059465000 Exception <a 'java/lang/NoSuchMethodError': <clinit>> (0x00000000eafc09f0) thrown at [C:\re\workspace\8-2-build-windows-amd64-cygwin\jdk8u101\7261\hotspot\src\share\vm\prims\jni.cpp, line 1613]
Event: 625.179 Thread 0x0000000059465000 Exception <a 'java/lang/NoSuchMethodError': <clinit>> (0x00000000eafd27b0) thrown at [C:\re\workspace\8-2-build-windows-amd64-cygwin\jdk8u101\7261\hotspot\src\share\vm\prims\jni.cpp, line 1613]
Event: 625.225 Thread 0x0000000059465000 Exception <a 'java/lang/NoSuchMethodError': <clinit>> (0x00000000eb00cc38) thrown at [C:\re\workspace\8-2-build-windows-amd64-cygwin\jdk8u101\7261\hotspot\src\share\vm\prims\jni.cpp, line 1613]
Event: 625.225 Thread 0x0000000059465000 Exception <a 'java/lang/NoSuchMethodError': <clinit>> (0x00000000eb0100a0) thrown at [C:\re\workspace\8-2-build-windows-amd64-cygwin\jdk8u101\7261\hotspot\src\share\vm\prims\jni.cpp, line 1613]
Event: 625.228 Thread 0x0000000059465000 Exception <a 'java/lang/NoSuchMethodError': <clinit>> (0x00000000eb02c808) thrown at [C:\re\workspace\8-2-build-windows-amd64-cygwin\jdk8u101\7261\hotspot\src\share\vm\prims\jni.cpp, line 1613]
Event: 625.231 Thread 0x0000000059465000 Exception <a 'java/lang/NoSuchMethodError': <clinit>> (0x00000000eb1396f8) thrown at [C:\re\workspace\8-2-build-windows-amd64-cygwin\jdk8u101\7261\hotspot\src\share\vm\prims\jni.cpp, line 1613]
Event: 705.238 Thread 0x0000000059465000 Exception <a 'java/lang/ClassNotFoundException': asLocalRepo802_b5rjsaxmzrdp85pyk61l8qnscBeanInfo> (0x00000000ecfb3750) thrown at [C:\re\workspace\8-2-build-windows-amd64-cygwin\jdk8u101\7261\hotspot\src\share\vm\classfile\systemDictionary.cpp, line 210]
Event: 705.239 Thread 0x0000000059465000 Exception <a 'java/lang/ClassNotFoundException': asLocalRepo802_b5rjsaxmzrdp85pyk61l8qnscCustomizer> (0x00000000ecfbdcf0) thrown at [C:\re\workspace\8-2-build-windows-amd64-cygwin\jdk8u101\7261\hotspot\src\share\vm\classfile\systemDictionary.cpp, line 210]©©Ê¢_‰ƒ@

Events (10 events):
Event: 718.540 Thread 0x0000000059465000 DEOPT UNPACKING pc=0x0000000003a8582a sp=0x000000006917aa60 mode 2
Event: 718.540 Thread 0x0000000059465000 Uncommon trap: trap_request=0xffffffde fr.pc=0x0000000005b50e7c
Event: 718.540 Thread 0x0000000059465000 DEOPT PACKING pc=0x0000000005b50e7c sp=0x000000006917abe0
Event: 718.540 Thread 0x0000000059465000 DEOPT UNPACKING pc=0x0000000003a8582a sp=0x000000006917ab90 mode 2
Event: 719.484 Thread 0x0000000059465000 Uncommon trap: trap_request=0xffffffde fr.pc=0x000000000588363c
Event: 719.484 Thread 0x0000000059465000 DEOPT PACKING pc=0x000000000588363c sp=0x000000006917a3e0
Event: 719.484 Thread 0x0000000059465000 DEOPT UNPACKING pc=0x0000000003a8582a sp=0x000000006917a3c0 mode 2
Event: 719.551 Thread 0x0000000059465000 Uncommon trap: trap_request=0xffffffde fr.pc=0x000000000588363c
Event: 719.551 Thread 0x0000000059465000 DEOPT PACKING pc=0x000000000588363c sp=0x000000006917a3e0
Event: 719.551 Thread 0x0000000059465000 DEOPT UNPACKING pc=0x0000000003a8582a sp=0x000000006917a3c0 mode 2


Dynamic libraries:
0x000000013fb90000 - 0x000000013fbc7000 	C:\Program Files\Java\jdk1.8.0_101\bin\java.exe
0x0000000076d20000 - 0x0000000076eca000 	C:\windows\SYSTEM32\ntdll.dll
0x0000000076c00000 - 0x0000000076d1f000 	C:\windows\system32\kernel32.dll
0x000007fefcb10000 - 0x000007fefcb7a000 	C:\windows\system32\KERNELBASE.dll
0x000007fefef50000 - 0x000007feff02b000 	C:\windows\system32\ADVAPI32.dll
0x000007fefdfb0000 - 0x000007fefe04f000 	C:\windows\system32\msvcrt.dll
0x000007fefe2d0000 - 0x000007fefe2ef000 	C:\windows\SYSTEM32\sechost.dll
0x000007fefed10000 - 0x000007fefee3d000 	C:\windows\system32\RPCRT4.dll
0x0000000076b00000 - 0x0000000076bfa000 	C:\windows\system32\USER32.dll
0x000007fefdcd0000 - 0x000007fefdd37000 	C:\windows\system32\GDI32.dll
0x000007fefeb70000 - 0x000007fefeb7e000 	C:\windows\system32\LPK.dll
0x000007fefe130000 - 0x000007fefe1fa000 	C:\windows\system32\USP10.dll
0x000007fefb180000 - 0x000007fefb374000 	C:\windows\WinSxS\amd64_microsoft.windows.common-controls_6595b64144ccf1df_6.0.7601.18837_none_fa3b1e3d17594757\COMCTL32.dll
0x000007fefe200000 - 0x000007fefe271000 	C:\windows\system32\SHLWAPI.dll
0x000007fefe870000 - 0x000007fefe89e000 	C:\windows\system32\IMM32.DLL
0x000007fefee40000 - 0x000007fefef49000 	C:\windows\system32\MSCTF.dll
0x000007fee8e70000 - 0x000007fee90e6000 	C:\windows\pcdrm\NSCFA64.DLL
0x000007fefdda0000 - 0x000007fefdfa3000 	C:\windows\system32\ole32.dll
0x0000000079140000 - 0x0000000079212000 	C:\Program Files\Java\jdk1.8.0_101\bin\MSVCR100.dll
0x000007fefba70000 - 0x000007fefba7c000 	C:\windows\system32\VERSION.dll
0x000007fef98a0000 - 0x000007fef98a9000 	C:\windows\system32\WSOCK32.dll
0x000007fefe280000 - 0x000007fefe2cd000 	C:\windows\system32\WS2_32.dll
0x000007fefce10000 - 0x000007fefce18000 	C:\windows\system32\NSI.dll
0x0000000076ee0000 - 0x0000000076ee7000 	C:\windows\system32\PSAPI.DLL
0x000007fef0670000 - 0x000007fef069e000 	C:\windows\pcdrm\NBID64.dll
0x000007fefe050000 - 0x000007fefe12a000 	C:\windows\system32\OLEAUT32.dll
0x000007fefcf40000 - 0x000007fefdcca000 	C:\windows\system32\SHELL32.DLL
0x000007fef15e0000 - 0x000007fef15eb000 	C:\windows\pcdrm\NSCPE64.dll
0x000007fef05f0000 - 0x000007fef0629000 	C:\windows\pcdrm\NFD0164.dll
0x000007fefca60000 - 0x000007fefca6f000 	C:\windows\system32\profapi.dll
0x000007feeec00000 - 0x000007feeec11000 	C:\windows\pcdrm\NFD0264.dll
0x000007fee9b40000 - 0x000007fee9bc6000 	C:\windows\INCOPS3\ESSPD64.dll
0x000007feef3c0000 - 0x000007feef68f000 	C:\windows\pcdrm\NSCCOR0364.DLL
0x000007feeeb70000 - 0x000007feeebdf000 	C:\windows\INCOPS3\icdcnl64.dll
0x000007fefb540000 - 0x000007fefb5c9000 	C:\windows\INCOPS3\ICATCDLL64.dll
0x0000000078c70000 - 0x0000000078d42000 	C:\Program Files\Java\jdk1.8.0_101\jre\bin\msvcr100.dll
0x000000006f570000 - 0x000000006fe0a000 	C:\Program Files\Java\jdk1.8.0_101\jre\bin\server\jvm.dll
0x000007fefa190000 - 0x000007fefa1cb000 	C:\windows\system32\WINMM.dll
0x000000005f950000 - 0x000000005f95f000 	C:\Program Files\Java\jdk1.8.0_101\jre\bin\verify.dll
0x000000005bf50000 - 0x000000005bf79000 	C:\Program Files\Java\jdk1.8.0_101\jre\bin\java.dll
0x000000005f930000 - 0x000000005f946000 	C:\Program Files\Java\jdk1.8.0_101\jre\bin\zip.dll
0x000000005bdd0000 - 0x000000005bdea000 	C:\Program Files\Java\jdk1.8.0_101\jre\bin\net.dll
0x000007fefc230000 - 0x000007fefc285000 	C:\windows\system32\mswsock.dll
0x000007fefc220000 - 0x000007fefc227000 	C:\windows\System32\wship6.dll
0x000000005bc40000 - 0x000000005bc51000 	C:\Program Files\Java\jdk1.8.0_101\jre\bin\nio.dll
0x000007fef9cc0000 - 0x000007fef9cd2000 	C:\Users\k.sridhar.SISA\.gradle\native\19\windows-amd64\native-platform.dll
0x000000006d910000 - 0x000000006d91d000 	C:\Program Files\Java\jdk1.8.0_101\jre\bin\management.dll
0x000007fefc290000 - 0x000007fefc2a8000 	C:\windows\system32\CRYPTSP.dll
0x000007fefbf90000 - 0x000007fefbfd7000 	C:\windows\system32\rsaenh.dll
0x00000000037f0000 - 0x000000000380e000 	C:\windows\system32\USERENV.dll
0x000007fefc8f0000 - 0x000007fefc8ff000 	C:\windows\system32\CRYPTBASE.dll
0x000007fef9870000 - 0x000007fef9897000 	C:\windows\system32\IPHLPAPI.DLL
0x000007fef9860000 - 0x000007fef986b000 	C:\windows\system32\WINNSI.DLL
0x000007fef81e0000 - 0x000007fef81f8000 	C:\windows\system32\dhcpcsvc.DLL
0x000007fef81c0000 - 0x000007fef81d1000 	C:\windows\system32\dhcpcsvc6.DLL
0x000007fefc890000 - 0x000007fefc8e7000 	C:\windows\system32\apphelp.dll

VM Arguments:
jvm_args: -XX:MaxPermSize=256m -XX:+HeapDumpOnOutOfMemoryError -Xmx1024m -Dfile.encoding=windows-1252 -Duser.country=US -Duser.language=en -Duser.variant 
java_command: org.gradle.launcher.daemon.bootstrap.GradleDaemon 3.0
java_class_path (initial): C:\Users\k.sridhar.SISA\.gradle\wrapper\dists\gradle-3.0-all\6v8c6qg2jpi8twyfv2a5s9mii\gradle-3.0\lib\gradle-launcher-3.0.jar
Launcher Type: SUN_STANDARD

Environment Variables:
JAVA_HOME=C:\Program Files\Java\jdk1.8.0_101
PATH=C:\ProgramData\Oracle\Java\javapath;C:\Perl64\site\bin;C:\Perl64\bin;C:\windows\system32;C:\windows;C:\windows\System32\Wbem;C:\windows\System32\WindowsPowerShell\v1.0\;C:\Program Files (x86)\QuickTime\QTSystem\;C:\Drive\MyTools\adt-bundle-windows-x86_64-20140702\adt-bundle-windows-x86_64-20140702\sdk\platform-tools;C:\Program Files\Java\jdk1.8.0_101\bin;C:\Program Files\Java\jdk1.8.0_101\jre\bin;C:\Users\k.sridhar.SISA\AppData\Local\Android\sdk\platform-tools;C:\Users\k.sridhar.SISA\AppData\Local\Programs\Python\Python35-32\Python;C:\MinGW;C:\Program Files (x86)\IDM Computer Solutions\UltraEdit\
USERNAME=k.sridhar
OS=Windows_NT
PROCESSOR_IDENTIFIER=Intel64 Family 6 Model 69 Stepping 1, GenuineIntel



---------------  S Y S T E M  ---------------

OS: Windows 7 , 64 bit Build 7601 (6.1.7601.23572)

CPU:total 4 (2 cores per cpu, 2 threads per core) family 6 model 69 stepping 1, cmov, cx8, fxsr, mmx, sse, sse2, sse3, ssse3, sse4.1, sse4.2, popcnt, avx, avx2, aes, clmul, erms, lzcnt, ht, tsc, tscinvbit, bmi1, bmi2

Memory: 4k page, physical 8301156k(419816k free), swap 12493600k(5096k free)

vm_info: Java HotSpot(TM) 64-Bit Server VM (25.101-b13) for windows-amd64 JRE (1.8.0_101-b13), built on Jun 22 2016 01:21:29 by "java_re" with MS VC++ 10.0 (VS2010)

time: Fri Jan 13 20:51:33 2017
elapsed time: 719 seconds (0d 0h 11m 59s)

