#
# There is insufficient memory for the Java Runtime Environment to continue.
# Native memory allocation (malloc) failed to allocate 1048576 bytes for AllocateHeap
# Possible reasons:
#   The system is out of physical RAM or swap space
#   In 32 bit mode, the process size limit was hit
# Possible solutions:
#   Reduce memory load on the system
#   Increase physical memory or swap space
#   Check if swap backing store is full
#   Use 64 bit Java on a 64 bit OS
#   Decrease Java heap size (-Xmx/-Xms)
#   Decrease number of Java threads
#   Decrease Java thread stack sizes (-Xss)
#   Set larger code cache with -XX:ReservedCodeCacheSize=
# This output file may be truncated or incomplete.
#
#  Out of Memory Error (memory/allocation.inline.hpp:61), pid=11540, tid=0x0000000000001a60
#
# JRE version:  (8.0_101-b13) (build )
# Java VM: Java HotSpot(TM) 64-Bit Server VM (25.101-b13 mixed mode windows-amd64 compressed oops)
# Failed to write core dump. Minidumps are not enabled by default on client versions of Windows
#

---------------  T H R E A D  ---------------

Current thread (0x0000000001cae800):  JavaThread "Unknown thread" [_thread_in_vm, id=6752, stack(0x0000000003810000,0x0000000003910000)]

Stack: [0x0000000003810000,0x0000000003910000]
[error occurred during error reporting (printing stack bounds), id 0xc0000005]

Native frames: (J=compiled Java code, j=interpreted, Vv=VM code, C=native code)


---------------  P R O C E S S  ---------------

Java Threads: ( => current thread )

Other Threads:

=>0x0000000001cae800 (exited) JavaThread "Unknown thread" [_thread_in_vm, id=6752, stack(0x0000000003810000,0x0000000003910000)]

VM state:not at safepoint (normal execution)

VM Mutex/Monitor currently owned by a thread: None

Heap:
 PSYoungGen      total 38400K, used 665K [0x00000000eab00000, 0x00000000ed580000, 0x0000000100000000)
  eden space 33280K, 2% used [0x00000000eab00000,0x00000000eaba6670,0x00000000ecb80000)
  from space 5120K, 0% used [0x00000000ed080000,0x00000000ed080000,0x00000000ed580000)
  to   space 5120K, 0% used [0x00000000ecb80000,0x00000000ecb80000,0x00000000ed080000)
 ParOldGen       total 87552K, used 0K [0x00000000c0000000, 0x00000000c5580000, 0x00000000eab00000)
  object space 87552K, 0% used [0x00000000c0000000,0x00000000c0000000,0x00000000c5580000)
 Metaspace       used 783K, capacity 1092K, committed 1152K, reserved 1060864K
  class space    used 75K, capacity 384K, committed 384K, reserved 1048576K

Card table byte_map: [0x0000000012cd0000,0x0000000012ee0000] byte_map_base: 0x00000000126d0000

Marking Bits: (ParMarkBitMap*) 0x00000000648aa6d0
 Begin Bits: [0x0000000013680000, 0x0000000014680000)
 End Bits:   [0x0000000014680000, 0x0000000015680000)

Polling page: 0x0000000003640000

CodeCache: size=245760Kb used=328Kb max_used=328Kb free=245431Kb
 bounds [0x0000000003910000, 0x0000000003b80000, 0x0000000012910000]
 total_blobs=58 nmethods=0 adapters=38
 compilation: enabled

Compilation events (0 events):
No events

GC Heap History (0 events):
No events

Deoptimization events (0 events):
No events

Internal exceptions (0 events):
No events

Events (10 events):
Event: 0.098 loading class java/lang/Short
Event: 0.098 loading class java/lang/Short done
Event: 0.098 loading class java/lang/Integer
Event: 0.098 loading class java/lang/Integer done
Event: 0.098 loading class java/lang/Long
Event: 0.098 loading class java/lang/Long done
Event: 0.100 loading class java/lang/NullPointerException
Event: 0.100 loading class java/lang/NullPointerException done
Event: 0.100 loading class java/lang/ArithmeticException
Event: 0.100 loading class java/lang/ArithmeticException done


Dynamic libraries:
0x000000013fed0000 - 0x000000013ff07000 	C:\Program Files\Java\jdk1.8.0_101\bin\java.exe
0x0000000077900000 - 0x0000000077aaa000 	C:\windows\SYSTEM32\ntdll.dll
0x00000000776e0000 - 0x00000000777ff000 	C:\windows\system32\kernel32.dll
0x000007fefd960000 - 0x000007fefd9ca000 	C:\windows\system32\KERNELBASE.dll
0x000007feff630000 - 0x000007feff70b000 	C:\windows\system32\ADVAPI32.dll
0x000007fefe0f0000 - 0x000007fefe18f000 	C:\windows\system32\msvcrt.dll
0x000007fefdf40000 - 0x000007fefdf5f000 	C:\windows\SYSTEM32\sechost.dll
0x000007fefe220000 - 0x000007fefe34d000 	C:\windows\system32\RPCRT4.dll
0x0000000077800000 - 0x00000000778fa000 	C:\windows\system32\USER32.dll
0x000007feff590000 - 0x000007feff5f7000 	C:\windows\system32\GDI32.dll
0x000007fefe190000 - 0x000007fefe19e000 	C:\windows\system32\LPK.dll
0x000007feff3c0000 - 0x000007feff48a000 	C:\windows\system32\USP10.dll
0x000007fefb620000 - 0x000007fefb814000 	C:\windows\WinSxS\amd64_microsoft.windows.common-controls_6595b64144ccf1df_6.0.7601.18837_none_fa3b1e3d17594757\COMCTL32.dll
0x000007fefe1a0000 - 0x000007fefe211000 	C:\windows\system32\SHLWAPI.dll
0x000007feff600000 - 0x000007feff62e000 	C:\windows\system32\IMM32.DLL
0x000007fefd9f0000 - 0x000007fefdaf9000 	C:\windows\system32\MSCTF.dll
0x000007feedd00000 - 0x000007feedf76000 	C:\windows\pcdrm\NSCFA64.DLL
0x000007feff710000 - 0x000007feff913000 	C:\windows\system32\ole32.dll
0x000000006a5b0000 - 0x000000006a682000 	C:\Program Files\Java\jdk1.8.0_101\bin\MSVCR100.dll
0x000007fefc650000 - 0x000007fefc65c000 	C:\windows\system32\VERSION.dll
0x000007fefa330000 - 0x000007fefa339000 	C:\windows\system32\WSOCK32.dll
0x000007feffbc0000 - 0x000007feffc0d000 	C:\windows\system32\WS2_32.dll
0x000007feff3b0000 - 0x000007feff3b8000 	C:\windows\system32\NSI.dll
0x0000000077ac0000 - 0x0000000077ac7000 	C:\windows\system32\PSAPI.DLL
0x000007fefa910000 - 0x000007fefa93e000 	C:\windows\pcdrm\NBID64.dll
0x000007fefdb00000 - 0x000007fefdbda000 	C:\windows\system32\OLEAUT32.dll
0x000007fefe620000 - 0x000007feff3aa000 	C:\windows\system32\SHELL32.DLL
0x000007fef4090000 - 0x000007fef409b000 	C:\windows\pcdrm\NSCPE64.dll
0x000007fef0e70000 - 0x000007fef0ea9000 	C:\windows\pcdrm\NFD0164.dll
0x000007fefd630000 - 0x000007fefd63f000 	C:\windows\system32\profapi.dll
0x000007fef0040000 - 0x000007fef0051000 	C:\windows\pcdrm\NFD0264.dll
0x000007fef0720000 - 0x000007fef09ef000 	C:\windows\pcdrm\NSCCOR0364.DLL
0x000007feebec0000 - 0x000007feebf46000 	C:\windows\INCOPS3\ESSPD64.dll
0x000007feeda70000 - 0x000007feedaf9000 	C:\windows\INCOPS3\ICATCDLL64.dll
0x000007feefec0000 - 0x000007feeff2f000 	C:\windows\INCOPS3\icdcnl64.dll
0x00000000695e0000 - 0x00000000696b2000 	C:\Program Files\Java\jdk1.8.0_101\jre\bin\msvcr100.dll
0x0000000064090000 - 0x000000006492a000 	C:\Program Files\Java\jdk1.8.0_101\jre\bin\server\jvm.dll
0x000007fefaf40000 - 0x000007fefaf7b000 	C:\windows\system32\WINMM.dll
0x0000000070ed0000 - 0x0000000070edf000 	C:\Program Files\Java\jdk1.8.0_101\jre\bin\verify.dll
0x000000006a580000 - 0x000000006a5a9000 	C:\Program Files\Java\jdk1.8.0_101\jre\bin\java.dll
0x000000006b5b0000 - 0x000000006b5c6000 	C:\Program Files\Java\jdk1.8.0_101\jre\bin\zip.dll

VM Arguments:
jvm_args: -Djava.awt.headless=true -Xmx1024M -Dfile.encoding=windows-1252 -Duser.country=US -Duser.language=en -Duser.variant 
java_command: com.android.dx.command.Main --dex --force-jumbo --num-threads=4 --multi-dex --output C:\Drive\MyProjects\BuildItBigger\app\build\intermediates\transforms\dex\paid\debug\folders\1000\10\com.android.support-support-media-compat-25.1.0_cb139f31b108df6b828caf730b181a4225a7c6d4 C:\Drive\MyProjects\BuildItBigger\app\build\intermediates\exploded-aar\com.android.support\support-media-compat\25.1.0\jars\classes.jar
java_class_path (initial): C:\Users\k.sridhar.SISA\AppData\Local\Android\sdk\build-tools\24.0.3\lib\dx.jar
Launcher Type: SUN_STANDARD

Environment Variables:
JAVA_HOME=C:\Program Files\Java\jdk1.8.0_101
PATH=C:\ProgramData\Oracle\Java\javapath;C:\Perl64\site\bin;C:\Perl64\bin;C:\windows\system32;C:\windows;C:\windows\System32\Wbem;C:\windows\System32\WindowsPowerShell\v1.0\;C:\Program Files (x86)\QuickTime\QTSystem\;C:\Drive\MyTools\adt-bundle-windows-x86_64-20140702\adt-bundle-windows-x86_64-20140702\sdk\platform-tools;C:\Program Files\Java\jdk1.8.0_101\bin;C:\Program Files\Java\jdk1.8.0_101\jre\bin;C:\Users\k.sridhar.SISA\AppData\Local\Android\sdk\platform-tools;C:\Users\k.sridhar.SISA\AppData\Local\Programs\Python\Python35-32\Python;C:\MinGW;C:\Program Files (x86)\IDM Computer Solutions\UltraEdit\
USERNAME=k.sridhar
OS=Windows_NT
PROCESSOR_IDENTIFIER=Intel64 Family 6 Model 69 Stepping 1, GenuineIntel



---------------  S Y S T E M  ---------------

OS: Windows 7 , 64 bit Build 7601 (6.1.7601.23572)

CPU:total 4 (2 cores per cpu, 2 threads per core) family 6 model 69 stepping 1, cmov, cx8, fxsr, mmx, sse, sse2, sse3, ssse3, sse4.1, sse4.2, popcnt, avx, avx2, aes, clmul, erms, lzcnt, ht, tsc, tscinvbit, bmi1, bmi2

Memory: 4k page, physical 8301156k(67692k free), swap 12493600k(15828k free)

vm_info: Java HotSpot(TM) 64-Bit Server VM (25.101-b13) for windows-amd64 JRE (1.8.0_101-b13), built on Jun 22 2016 01:21:29 by "java_re" with MS VC++ 10.0 (VS2010)

time: Tue Jan 31 09:55:36 2017
elapsed time: 0 seconds (0d 0h 0m 0s)

